2025-07-27 05:48:28 +08:00: 开始获取热搜数据...
2025-07-27 05:48:28 +08:00: 正在获取 微博 热搜数据...
2025-07-27 05:48:28 +08:00: 正在获取 抖音 热搜数据...
2025-07-27 05:48:28 +08:00: 正在获取 快手 热搜数据...
2025-07-27 05:48:28 +08:00: 正在获取 今日头条 热搜数据...
2025-07-27 05:48:28 +08:00: 正在获取 Bilibili 热搜数据...
2025-07-27 05:48:28 +08:00: 正在获取 知乎 热搜数据...
2025-07-27 05:48:28 +08:00: 正在获取 豆瓣 热搜数据...
2025-07-27 05:48:28 +08:00: 正在获取 酷狗音乐 热搜数据...
2025-07-27 05:48:32 +08:00: === 快手HTML内容调试 ===
2025-07-27 05:48:32 +08:00: HTML长度: 140123
2025-07-27 05:48:32 +08:00: 是否包含VisionHotRankItem: true
2025-07-27 05:48:32 +08:00: 找到的VisionHotRankItem数量: 102
2025-07-27 05:48:32 +08:00: 前3个标题: [ '中国对欧政策保持长期稳定', 'AG夺得KWC总冠军', '张真源脱衣跳舞solo' ]
2025-07-27 05:48:32 +08:00: 
=== 匹配项 1 ===
2025-07-27 05:48:32 +08:00: 标题: 中国对欧政策保持长期稳定
2025-07-27 05:48:32 +08:00: JSON长度: 769
2025-07-27 05:48:32 +08:00: JSON解析失败: Expected ',' or '}' after property value in JSON at position 97 (line 1 column 98)
2025-07-27 05:48:32 +08:00: 简单解析成功
2025-07-27 05:48:32 +08:00: 
=== 匹配项 2 ===
2025-07-27 05:48:32 +08:00: 标题: AG夺得KWC总冠军
2025-07-27 05:48:32 +08:00: JSON长度: 728
2025-07-27 05:48:32 +08:00: JSON解析失败: Expected ',' or '}' after property value in JSON at position 112 (line 1 column 113)
2025-07-27 05:48:32 +08:00: 简单解析成功
2025-07-27 05:48:32 +08:00: 
=== 匹配项 3 ===
2025-07-27 05:48:32 +08:00: 标题: 张真源脱衣跳舞solo
2025-07-27 05:48:32 +08:00: JSON长度: 559
2025-07-27 05:48:32 +08:00: JSON解析失败: Expected ',' or '}' after property value in JSON at position 114 (line 1 column 115)
2025-07-27 05:48:32 +08:00: 简单解析成功
2025-07-27 05:48:32 +08:00: 
=== 匹配项 4 ===
2025-07-27 05:48:32 +08:00: 标题: 国补第三批690亿元资金下达
2025-07-27 05:48:32 +08:00: JSON长度: 664
2025-07-27 05:48:32 +08:00: JSON解析失败: Expected ',' or '}' after property value in JSON at position 120 (line 1 column 121)
2025-07-27 05:48:32 +08:00: 简单解析成功
2025-07-27 05:48:32 +08:00: 
=== 匹配项 5 ===
2025-07-27 05:48:32 +08:00: 标题: 小沈阳女儿第一章回国
2025-07-27 05:48:32 +08:00: JSON长度: 575
2025-07-27 05:48:32 +08:00: JSON解析失败: Expected ',' or '}' after property value in JSON at position 112 (line 1 column 113)
2025-07-27 05:48:32 +08:00: 简单解析成功
2025-07-27 05:48:32 +08:00: 
=== 匹配项 6 ===
2025-07-27 05:48:32 +08:00: 标题: 受台风影响15省市将迎大到暴雨
2025-07-27 05:48:32 +08:00: JSON长度: 684
2025-07-27 05:48:32 +08:00: JSON解析失败: Expected ',' or '}' after property value in JSON at position 122 (line 1 column 123)
2025-07-27 05:48:32 +08:00: 简单解析成功
2025-07-27 05:48:32 +08:00: 
=== 匹配项 7 ===
2025-07-27 05:48:32 +08:00: 标题: 90张日军暴行照片在日本展出
2025-07-27 05:48:32 +08:00: JSON长度: 504
2025-07-27 05:48:32 +08:00: JSON解析失败: Expected ',' or '}' after property value in JSON at position 120 (line 1 column 121)
2025-07-27 05:48:32 +08:00: 简单解析成功
2025-07-27 05:48:32 +08:00: 
=== 匹配项 8 ===
2025-07-27 05:48:32 +08:00: 标题: 杨洋真的“误闯仙家”了
2025-07-27 05:48:32 +08:00: JSON长度: 658
2025-07-27 05:48:32 +08:00: JSON解析失败: Expected ',' or '}' after property value in JSON at position 114 (line 1 column 115)
2025-07-27 05:48:32 +08:00: 简单解析成功
2025-07-27 05:48:32 +08:00: 
=== 匹配项 9 ===
2025-07-27 05:48:32 +08:00: 标题: 河北阜平遭极端特大暴雨
2025-07-27 05:48:32 +08:00: JSON长度: 595
2025-07-27 05:48:32 +08:00: JSON解析失败: Expected ',' or '}' after property value in JSON at position 114 (line 1 column 115)
2025-07-27 05:48:32 +08:00: 简单解析成功
2025-07-27 05:48:32 +08:00: 
=== 匹配项 10 ===
2025-07-27 05:48:32 +08:00: 标题: 少林寺回应网传释永信被查
2025-07-27 05:48:32 +08:00: JSON长度: 507
2025-07-27 05:48:32 +08:00: JSON解析失败: Expected ',' or '}' after property value in JSON at position 116 (line 1 column 117)
2025-07-27 05:48:32 +08:00: 简单解析成功
2025-07-27 05:48:32 +08:00: 
=== 匹配项 11 ===
2025-07-27 05:48:32 +08:00: 标题: 泰国前总理到泰柬边境为居民炒饭
2025-07-27 05:48:32 +08:00: JSON长度: 514
2025-07-27 05:48:32 +08:00: JSON解析失败: Expected ',' or '}' after property value in JSON at position 123 (line 1 column 124)
2025-07-27 05:48:32 +08:00: 简单解析成功
2025-07-27 05:48:32 +08:00: 
=== 匹配项 12 ===
2025-07-27 05:48:32 +08:00: 标题: “宁德金涵水库爆了”系谣言
2025-07-27 05:48:32 +08:00: JSON长度: 663
2025-07-27 05:48:32 +08:00: JSON解析失败: Expected ',' or '}' after property value in JSON at position 119 (line 1 column 120)
2025-07-27 05:48:32 +08:00: 简单解析成功
2025-07-27 05:48:32 +08:00: 
=== 匹配项 13 ===
2025-07-27 05:48:32 +08:00: 标题: 北京基孔肯雅热本地感染风险极低
2025-07-27 05:48:32 +08:00: JSON长度: 685
2025-07-27 05:48:32 +08:00: JSON解析失败: Expected ',' or '}' after property value in JSON at position 123 (line 1 column 124)
2025-07-27 05:48:32 +08:00: 简单解析成功
2025-07-27 05:48:32 +08:00: 
=== 匹配项 14 ===
2025-07-27 05:48:32 +08:00: 标题: 中国最热的地方
2025-07-27 05:48:32 +08:00: JSON长度: 669
2025-07-27 05:48:32 +08:00: JSON解析失败: Expected ',' or '}' after property value in JSON at position 107 (line 1 column 108)
2025-07-27 05:48:32 +08:00: 简单解析成功
2025-07-27 05:48:32 +08:00: 
=== 匹配项 15 ===
2025-07-27 05:48:32 +08:00: 标题: 光头强上综艺当上老板
2025-07-27 05:48:32 +08:00: JSON长度: 603
2025-07-27 05:48:32 +08:00: JSON解析失败: Expected ',' or '}' after property value in JSON at position 99 (line 1 column 100)
2025-07-27 05:48:32 +08:00: 简单解析成功
2025-07-27 05:48:32 +08:00: 
=== 匹配项 16 ===
2025-07-27 05:48:32 +08:00: 标题: 江西辟谣霸凌事件相关谣言
2025-07-27 05:48:32 +08:00: JSON长度: 526
2025-07-27 05:48:32 +08:00: JSON解析失败: Expected ',' or '}' after property value in JSON at position 117 (line 1 column 118)
2025-07-27 05:48:32 +08:00: 简单解析成功
2025-07-27 05:48:32 +08:00: 
=== 匹配项 17 ===
2025-07-27 05:48:32 +08:00: 标题: 王楚钦示意观众关闭闪光灯
2025-07-27 05:48:32 +08:00: JSON长度: 683
2025-07-27 05:48:32 +08:00: JSON解析失败: Expected ',' or '}' after property value in JSON at position 117 (line 1 column 118)
2025-07-27 05:48:32 +08:00: 简单解析成功
2025-07-27 05:48:32 +08:00: 
=== 匹配项 18 ===
2025-07-27 05:48:32 +08:00: 标题: 比田一名更油的人出现了
2025-07-27 05:48:32 +08:00: JSON长度: 533
2025-07-27 05:48:32 +08:00: JSON解析失败: Expected ',' or '}' after property value in JSON at position 115 (line 1 column 116)
2025-07-27 05:48:32 +08:00: 简单解析成功
2025-07-27 05:48:32 +08:00: 
=== 匹配项 19 ===
2025-07-27 05:48:32 +08:00: 标题: 岳云鹏哭了
2025-07-27 05:48:32 +08:00: JSON长度: 667
2025-07-27 05:48:32 +08:00: JSON解析失败: Expected ',' or '}' after property value in JSON at position 101 (line 1 column 102)
2025-07-27 05:48:32 +08:00: 简单解析成功
2025-07-27 05:48:32 +08:00: 
=== 匹配项 20 ===
2025-07-27 05:48:32 +08:00: 标题: 调拨中央救灾物资支援河北陕西
2025-07-27 05:48:32 +08:00: JSON长度: 687
2025-07-27 05:48:32 +08:00: JSON解析失败: Expected ',' or '}' after property value in JSON at position 121 (line 1 column 122)
2025-07-27 05:48:32 +08:00: 简单解析成功
2025-07-27 05:48:32 +08:00: 
=== 匹配项 21 ===
2025-07-27 05:48:32 +08:00: 标题: TTG巅峰对决AG
2025-07-27 05:48:32 +08:00: JSON长度: 943
2025-07-27 05:48:32 +08:00: JSON解析失败: Expected ',' or '}' after property value in JSON at position 111 (line 1 column 112)
2025-07-27 05:48:32 +08:00: 简单解析成功
2025-07-27 05:48:32 +08:00: 
=== 匹配项 22 ===
2025-07-27 05:48:32 +08:00: 标题: 小沈阳女儿新歌登顶韩国榜第一
2025-07-27 05:48:32 +08:00: JSON长度: 1097
2025-07-27 05:48:32 +08:00: JSON解析失败: Expected ',' or '}' after property value in JSON at position 121 (line 1 column 122)
2025-07-27 05:48:32 +08:00: 简单解析成功
2025-07-27 05:48:32 +08:00: 
=== 匹配项 23 ===
2025-07-27 05:48:32 +08:00: 标题: 宋亚轩偷偷流泪
2025-07-27 05:48:32 +08:00: JSON长度: 669
2025-07-27 05:48:32 +08:00: JSON解析失败: Expected ',' or '}' after property value in JSON at position 107 (line 1 column 108)
2025-07-27 05:48:32 +08:00: 简单解析成功
2025-07-27 05:48:32 +08:00: 
=== 匹配项 24 ===
2025-07-27 05:48:32 +08:00: 标题: 全网都在模仿田一名
2025-07-27 05:48:32 +08:00: JSON长度: 513
2025-07-27 05:48:32 +08:00: JSON解析失败: Expected ',' or '}' after property value in JSON at position 111 (line 1 column 112)
2025-07-27 05:48:32 +08:00: 简单解析成功
2025-07-27 05:48:32 +08:00: 
=== 匹配项 25 ===
2025-07-27 05:48:32 +08:00: 标题: 中方回应法国将承认巴勒斯坦国
2025-07-27 05:48:32 +08:00: JSON长度: 1227
2025-07-27 05:48:32 +08:00: JSON解析失败: Expected ',' or '}' after property value in JSON at position 121 (line 1 column 122)
2025-07-27 05:48:32 +08:00: 简单解析成功
2025-07-27 05:48:32 +08:00: 
=== 匹配项 26 ===
2025-07-27 05:48:32 +08:00: 标题: 邓紫棋演唱会四万人一起开摩托
2025-07-27 05:48:32 +08:00: JSON长度: 687
2025-07-27 05:48:32 +08:00: JSON解析失败: Expected ',' or '}' after property value in JSON at position 121 (line 1 column 122)
2025-07-27 05:48:32 +08:00: 简单解析成功
2025-07-27 05:48:32 +08:00: 
=== 匹配项 27 ===
2025-07-27 05:48:32 +08:00: 标题: 王楚钦3比0周雨
2025-07-27 05:48:32 +08:00: JSON长度: 869
2025-07-27 05:48:32 +08:00: JSON解析失败: Expected ',' or '}' after property value in JSON at position 109 (line 1 column 110)
2025-07-27 05:48:32 +08:00: 简单解析成功
2025-07-27 05:48:32 +08:00: 
=== 匹配项 28 ===
2025-07-27 05:48:32 +08:00: 标题: 小伙缅甸失联最后定位在妙瓦底
2025-07-27 05:48:32 +08:00: JSON长度: 735
2025-07-27 05:48:32 +08:00: JSON解析失败: Expected ',' or '}' after property value in JSON at position 119 (line 1 column 120)
2025-07-27 05:48:32 +08:00: 简单解析成功
2025-07-27 05:48:32 +08:00: 
=== 匹配项 29 ===
2025-07-27 05:48:32 +08:00: 标题: 人在尿急的时候耳朵会聋
2025-07-27 05:48:32 +08:00: JSON长度: 699
2025-07-27 05:48:32 +08:00: JSON解析失败: Expected ',' or '}' after property value in JSON at position 115 (line 1 column 116)
2025-07-27 05:48:32 +08:00: 简单解析成功
2025-07-27 05:48:32 +08:00: 
=== 匹配项 30 ===
2025-07-27 05:48:32 +08:00: 标题: 马嘉祺马芙脑
2025-07-27 05:48:32 +08:00: JSON长度: 496
2025-07-27 05:48:32 +08:00: JSON解析失败: Expected ',' or '}' after property value in JSON at position 105 (line 1 column 106)
2025-07-27 05:48:32 +08:00: 简单解析成功
2025-07-27 05:48:32 +08:00: 
=== 匹配项 31 ===
2025-07-27 05:48:32 +08:00: 标题: 孙颖莎文武双全版体能数学题
2025-07-27 05:48:32 +08:00: JSON长度: 528
2025-07-27 05:48:32 +08:00: JSON解析失败: Expected ',' or '}' after property value in JSON at position 119 (line 1 column 120)
2025-07-27 05:48:32 +08:00: 简单解析成功
2025-07-27 05:48:32 +08:00: 
=== 匹配项 32 ===
2025-07-27 05:48:32 +08:00: 标题: 蔡依林时隔6年发新专
2025-07-27 05:48:32 +08:00: JSON长度: 675
2025-07-27 05:48:32 +08:00: JSON解析失败: Expected ',' or '}' after property value in JSON at position 99 (line 1 column 100)
2025-07-27 05:48:32 +08:00: 简单解析成功
2025-07-27 05:48:32 +08:00: 
=== 匹配项 33 ===
2025-07-27 05:48:32 +08:00: 标题: 看熊出没的孩子长大了
2025-07-27 05:48:32 +08:00: JSON长度: 864
2025-07-27 05:48:32 +08:00: JSON解析失败: Expected ',' or '}' after property value in JSON at position 99 (line 1 column 100)
2025-07-27 05:48:32 +08:00: 简单解析成功
2025-07-27 05:48:32 +08:00: 
=== 匹配项 34 ===
2025-07-27 05:48:32 +08:00: 标题: 陈佩斯新电影怀念赵丽蓉
2025-07-27 05:48:32 +08:00: JSON长度: 699
2025-07-27 05:48:32 +08:00: JSON解析失败: Expected ',' or '}' after property value in JSON at position 115 (line 1 column 116)
2025-07-27 05:48:32 +08:00: 简单解析成功
2025-07-27 05:48:32 +08:00: 
=== 匹配项 35 ===
2025-07-27 05:48:32 +08:00: 标题: 宋亚轩病娇男鬼味
2025-07-27 05:48:32 +08:00: JSON长度: 723
2025-07-27 05:48:32 +08:00: JSON解析失败: Expected ',' or '}' after property value in JSON at position 107 (line 1 column 108)
2025-07-27 05:48:32 +08:00: 简单解析成功
2025-07-27 05:48:32 +08:00: 
=== 匹配项 36 ===
2025-07-27 05:48:32 +08:00: 标题: 樊振东首谈巴黎男单夺金幕后
2025-07-27 05:48:32 +08:00: JSON长度: 539
2025-07-27 05:48:32 +08:00: JSON解析失败: Expected ',' or '}' after property value in JSON at position 119 (line 1 column 120)
2025-07-27 05:48:32 +08:00: 简单解析成功
2025-07-27 05:48:32 +08:00: 
=== 匹配项 37 ===
2025-07-27 05:48:32 +08:00: 标题: 你从未离去的杀伤力
2025-07-27 05:48:32 +08:00: JSON长度: 807
2025-07-27 05:48:32 +08:00: JSON解析失败: Expected ',' or '}' after property value in JSON at position 96 (line 1 column 97)
2025-07-27 05:48:32 +08:00: 简单解析成功
2025-07-27 05:48:32 +08:00: 
=== 匹配项 38 ===
2025-07-27 05:48:32 +08:00: 标题: 张碧晨有三首歌都是汪苏泷创作
2025-07-27 05:48:32 +08:00: JSON长度: 826
2025-07-27 05:48:32 +08:00: JSON解析失败: Expected ',' or '}' after property value in JSON at position 120 (line 1 column 121)
2025-07-27 05:48:32 +08:00: 简单解析成功
2025-07-27 05:48:32 +08:00: 
=== 匹配项 39 ===
2025-07-27 05:48:32 +08:00: 标题: 徐志胜减肥瘦了十五斤
2025-07-27 05:48:32 +08:00: JSON长度: 521
2025-07-27 05:48:32 +08:00: JSON解析失败: Expected ',' or '}' after property value in JSON at position 112 (line 1 column 113)
2025-07-27 05:48:32 +08:00: 简单解析成功
2025-07-27 05:48:32 +08:00: 
=== 匹配项 40 ===
2025-07-27 05:48:32 +08:00: 标题: 马嘉祺好像老实人豁出去了
2025-07-27 05:48:32 +08:00: JSON长度: 525
2025-07-27 05:48:32 +08:00: JSON解析失败: Expected ',' or '}' after property value in JSON at position 116 (line 1 column 117)
2025-07-27 05:48:32 +08:00: 简单解析成功
2025-07-27 05:48:32 +08:00: 
=== 匹配项 41 ===
2025-07-27 05:48:32 +08:00: 标题: 女版田一名
2025-07-27 05:48:32 +08:00: JSON长度: 493
2025-07-27 05:48:32 +08:00: JSON解析失败: Expected ',' or '}' after property value in JSON at position 102 (line 1 column 103)
2025-07-27 05:48:32 +08:00: 简单解析成功
2025-07-27 05:48:32 +08:00: 
=== 匹配项 42 ===
2025-07-27 05:48:32 +08:00: 标题: 戏台票房破亿
2025-07-27 05:48:32 +08:00: JSON长度: 666
2025-07-27 05:48:32 +08:00: JSON解析失败: Expected ',' or '}' after property value in JSON at position 104 (line 1 column 105)
2025-07-27 05:48:32 +08:00: 简单解析成功
2025-07-27 05:48:32 +08:00: 
=== 匹配项 43 ===
2025-07-27 05:48:32 +08:00: 标题: 时代少年团太敢说了
2025-07-27 05:48:32 +08:00: JSON长度: 519
2025-07-27 05:48:32 +08:00: JSON解析失败: Expected ',' or '}' after property value in JSON at position 110 (line 1 column 111)
2025-07-27 05:48:32 +08:00: 简单解析成功
2025-07-27 05:48:32 +08:00: 
=== 匹配项 44 ===
2025-07-27 05:48:32 +08:00: 标题: 何洁带着她的花杀回来了
2025-07-27 05:48:32 +08:00: JSON长度: 676
2025-07-27 05:48:32 +08:00: JSON解析失败: Expected ',' or '}' after property value in JSON at position 114 (line 1 column 115)
2025-07-27 05:48:32 +08:00: 简单解析成功
2025-07-27 05:48:32 +08:00: 
=== 匹配项 45 ===
2025-07-27 05:48:32 +08:00: 标题: 马嘉祺险些马失前蹄
2025-07-27 05:48:32 +08:00: JSON长度: 690
2025-07-27 05:48:32 +08:00: JSON解析失败: Expected ',' or '}' after property value in JSON at position 110 (line 1 column 111)
2025-07-27 05:48:32 +08:00: 简单解析成功
2025-07-27 05:48:32 +08:00: 
=== 匹配项 46 ===
2025-07-27 05:48:32 +08:00: 标题: 贺峻霖花仙子造型
2025-07-27 05:48:32 +08:00: JSON长度: 500
2025-07-27 05:48:32 +08:00: JSON解析失败: Expected ',' or '}' after property value in JSON at position 108 (line 1 column 109)
2025-07-27 05:48:32 +08:00: 简单解析成功
2025-07-27 05:48:32 +08:00: 
=== 匹配项 47 ===
2025-07-27 05:48:32 +08:00: 标题: 鹿晗跳了肯恰那
2025-07-27 05:48:32 +08:00: JSON长度: 598
2025-07-27 05:48:32 +08:00: JSON解析失败: Expected ',' or '}' after property value in JSON at position 106 (line 1 column 107)
2025-07-27 05:48:32 +08:00: 简单解析成功
2025-07-27 05:48:32 +08:00: 
=== 匹配项 48 ===
2025-07-27 05:48:32 +08:00: 标题: 时代少年团这是真登顶了
2025-07-27 05:48:32 +08:00: JSON长度: 541
2025-07-27 05:48:32 +08:00: JSON解析失败: Expected ',' or '}' after property value in JSON at position 114 (line 1 column 115)
2025-07-27 05:48:32 +08:00: 简单解析成功
2025-07-27 05:48:32 +08:00: 
=== 匹配项 49 ===
2025-07-27 05:48:32 +08:00: 标题: 宋亚轩严浩翔讨厌红楼梦舞台
2025-07-27 05:48:32 +08:00: JSON长度: 689
2025-07-27 05:48:32 +08:00: JSON解析失败: Expected ',' or '}' after property value in JSON at position 118 (line 1 column 119)
2025-07-27 05:48:32 +08:00: 简单解析成功
2025-07-27 05:48:32 +08:00: 
=== 匹配项 50 ===
2025-07-27 05:48:32 +08:00: 标题: 汪苏泷演唱会祝陈楚生生日快乐
2025-07-27 05:48:32 +08:00: JSON长度: 547
2025-07-27 05:48:32 +08:00: JSON解析失败: Expected ',' or '}' after property value in JSON at position 120 (line 1 column 121)
2025-07-27 05:48:32 +08:00: 简单解析成功
2025-07-27 05:48:32 +08:00: 
=== 匹配项 51 ===
2025-07-27 05:48:32 +08:00: 标题: 丁程鑫跳了星奇摇
2025-07-27 05:48:32 +08:00: JSON长度: 499
2025-07-27 05:48:32 +08:00: JSON解析失败: Expected ',' or '}' after property value in JSON at position 108 (line 1 column 109)
2025-07-27 05:48:32 +08:00: 简单解析成功
2025-07-27 05:48:32 +08:00: 
=== 解析结果 ===
2025-07-27 05:48:32 +08:00: 总匹配数: 51
2025-07-27 05:48:32 +08:00: 成功解析数: 51
2025-07-27 05:48:32 +08:00: 解析出的热搜项: [
  {
    title: '中国对欧政策保持长期稳定',
    hot: null,
    rank: 1,
    tag: null,
    cover: null,
    icon: null
  },
  {
    title: 'AG夺得KWC总冠军',
    hot: '1334.8万',
    rank: 2,
    tag: null,
    cover: null,
    icon: null
  },
  {
    title: '张真源脱衣跳舞solo',
    hot: '1281.3万',
    rank: 3,
    tag: null,
    cover: null,
    icon: null
  }
]
2025-07-27 05:48:32 +08:00: 
=== 热搜数据汇总 ===
2025-07-27 05:48:32 +08:00: 获取时间: 2025/7/27 05:48:32
2025-07-27 05:48:32 +08:00: 总耗时: 4061ms
2025-07-27 05:48:32 +08:00: 成功: 8 个平台
2025-07-27 05:48:32 +08:00: 失败: 0 个平台
2025-07-27 05:48:32 +08:00: 
2025-07-27 05:48:32 +08:00: 📱 微博
2025-07-27 05:48:32 +08:00:   #1 旺仔小乔道歉信 (229520)
2025-07-27 05:48:32 +08:00:   #2 37岁确诊胃癌前身体发出的信号 (86413)
2025-07-27 05:48:32 +08:00:   #3 李子柒眼中的吉林之美 (77259)
2025-07-27 05:48:32 +08:00:   #4 双胞胎姐妹诈骗园区获救后态度冷漠 (76998)
2025-07-27 05:48:32 +08:00:   #5 演唱会CEO出轨的最大赢家出现了 (55009)
2025-07-27 05:48:32 +08:00:   #6 少林寺回应网传释永信方丈被带走 (53240)
2025-07-27 05:48:32 +08:00:   #7 网民造谣假救护车抬人后消失 (51597)
2025-07-27 05:48:32 +08:00:   #8 柯淳自曝经济状况紧张 (50251)
2025-07-27 05:48:32 +08:00:   #9 俄车臣领导人卡德罗夫突然溺水 (49880)
2025-07-27 05:48:32 +08:00:   #10 李雪琴携男友看毛不易演唱会 (47807)
2025-07-27 05:48:32 +08:00:   #11 不舍得睡觉其实是情绪没被满足 (41755)
2025-07-27 05:48:32 +08:00:   #12 糊涂家长下猛药女婴被喂出肝衰竭 (41705)
2025-07-27 05:48:32 +08:00:   #13 男子疑因未洗罐装瓶口染鼠尿病身亡 (39762)
2025-07-27 05:48:32 +08:00:   #14 团播 (39406)
2025-07-27 05:48:32 +08:00:   #15 花千骨和三生三世十里桃花哪个更爆 (38456)
2025-07-27 05:48:32 +08:00:   #16 易烊千玺张艺兴电影节同框 (37651)
2025-07-27 05:48:32 +08:00:   #17 丁程鑫脖子上有唇印 (36965)
2025-07-27 05:48:32 +08:00:   #18 马頔李纯 婚房 (35951)
2025-07-27 05:48:32 +08:00:   #19 女子到派出所蹭空调后买40杯奶茶致谢 (30915)
2025-07-27 05:48:32 +08:00:   #20 基孔肯雅热患者记录病程 (30387)
2025-07-27 05:48:32 +08:00:   #21 16人考上厦门大学马来分校决定复读 (30157)
2025-07-27 05:48:32 +08:00:   #22 李炜 版权可聊 (29950)
2025-07-27 05:48:32 +08:00:   #23 韦雪说不敢联系秦奋 (29950)
2025-07-27 05:48:32 +08:00:   #24 遇到肖战但没认出来 (29944)
2025-07-27 05:48:32 +08:00:   #25 你好星期六 (29941)
2025-07-27 05:48:32 +08:00:   #26 贺峻霖 保研 (29939)
2025-07-27 05:48:32 +08:00:   #27 单依纯上期造型师已被发配非洲 (29937)
2025-07-27 05:48:32 +08:00:   #28 国外研究推测疑外星飞船11月袭击地球 (29935)
2025-07-27 05:48:32 +08:00:   #29 太宰治 (29931)
2025-07-27 05:48:32 +08:00:   #30 艾滋病 隐私 (29929)
2025-07-27 05:48:33 +08:00:   #31 杜华说香奈儿能成为巨星 (29924)
2025-07-27 05:48:33 +08:00:   #32 洪水涌入县城一金店近20公斤货被冲走 (29923)
2025-07-27 05:48:33 +08:00:   #33 TTG对战AG (29920)
2025-07-27 05:48:33 +08:00:   #34 特朗普称克林顿去过萝莉岛28次 (29917)
2025-07-27 05:48:33 +08:00:   #35 樊振东微博发文 (29914)
2025-07-27 05:48:33 +08:00:   #36 47岁元斌与妻子现身美术馆 (29913)
2025-07-27 05:48:33 +08:00:   #37 汪苏泷终于唱了无名之辈 (29908)
2025-07-27 05:48:33 +08:00:   #38 刘耀文舌钉 (29906)
2025-07-27 05:48:33 +08:00:   #39 樱木花道 (29904)
2025-07-27 05:48:33 +08:00:   #40 朝雪录预告 (29900)
2025-07-27 05:48:33 +08:00:   #41 刘宇宁又直播辟谣了 (29898)
2025-07-27 05:48:33 +08:00:   #42 孟子义 梅超风 (29896)
2025-07-27 05:48:33 +08:00:   #43 周笔畅这背不拔罐可惜了 (29893)
2025-07-27 05:48:33 +08:00:   #44 石凯演唱会 (29888)
2025-07-27 05:48:33 +08:00:   #45 宋亚轩谢谢每一位好朋友的呐喊支持 (29886)
2025-07-27 05:48:33 +08:00:   #46 房主任好牛 (29882)
2025-07-27 05:48:33 +08:00:   #47 综艺史上长达两分钟的沉默 (29881)
2025-07-27 05:48:33 +08:00:   #48 华山论剑 (29879)
2025-07-27 05:48:33 +08:00:   #49 在美国生意好的中餐馆后厨现状 (29874)
2025-07-27 05:48:33 +08:00:   #50 工作留痕 (29871)
2025-07-27 05:48:33 +08:00:   #51 BLG战胜AL (29870)
2025-07-27 05:48:33 +08:00: 
2025-07-27 05:48:33 +08:00: 📱 抖音
2025-07-27 05:48:33 +08:00:   #1 爱自己与被爱一样重要 (12150212)
2025-07-27 05:48:33 +08:00:   #2 还原唐朝长安城的生活 (11489354)
2025-07-27 05:48:33 +08:00:   #3 中国是全球最大机器人生产国 (10794305)
2025-07-27 05:48:33 +08:00:   #4 耿爽说美国应感到羞愧耻辱 (9981446)
2025-07-27 05:48:33 +08:00:   #5 Gus获得抖瓦杯S2冠军 (9108628)
2025-07-27 05:48:33 +08:00:   #6 寺方回应“网传释永信被查” (8759713)
2025-07-27 05:48:33 +08:00:   #7 电影南京照相馆家长严选 (7815166)
2025-07-27 05:48:33 +08:00:   #8 海老久违登场压迫感拉满 (7762123)
2025-07-27 05:48:33 +08:00:   #9 岳云鹏北京演唱会 (7716687)
2025-07-27 05:48:33 +08:00:   #10 前NBA球员阿里扎宣布破产 (7691613)
2025-07-27 05:48:33 +08:00:   #11 旺仔小乔致歉 (7683184)
2025-07-27 05:48:33 +08:00:   #12 成都查处3起兼职招聘诈骗案 (7683036)
2025-07-27 05:48:33 +08:00:   #13 鞠婧祎古装版刀马刀马 (7681788)
2025-07-27 05:48:33 +08:00:   #14 歌手2025第十一期观后感 (7679116)
2025-07-27 05:48:33 +08:00:   #15 泰国军方向中美等26国发函 (7678704)
2025-07-27 05:48:33 +08:00:   #16 戏台票房破亿 (7674338)
2025-07-27 05:48:33 +08:00:   #17 网友记录河北暴雨过后 (7674038)
2025-07-27 05:48:33 +08:00:   #18 换上西装的我让你动心了吗 (7663919)
2025-07-27 05:48:33 +08:00:   #19 樊振东访谈完整版 (7657053)
2025-07-27 05:48:33 +08:00:   #20 樊振东乒超十连胜 (7654212)
2025-07-27 05:48:33 +08:00:   #21 凡人修仙传片场喜剧buff叠满 (7651953)
2025-07-27 05:48:33 +08:00:   #22 看到日照金山的人会幸运一整年 (7646503)
2025-07-27 05:48:33 +08:00:   #23 2025年CBA选秀大会 (7641692)
2025-07-27 05:48:33 +08:00:   #24 浙BA温州赛区冠军产生 (7635172)
2025-07-27 05:48:33 +08:00:   #25 我宣布这个为亚轩摇 (7634539)
2025-07-27 05:48:33 +08:00:   #26 董璇张维伊甜蜜视频 (7633434)
2025-07-27 05:48:33 +08:00:   #27 云是天空写给夏日的情书 (7629880)
2025-07-27 05:48:33 +08:00:   #28 爆胎草莓粥喜悦X新歌直击 (7629159)
2025-07-27 05:48:33 +08:00:   #29 王源重庆演唱会 (7628358)
2025-07-27 05:48:33 +08:00:   #30 朝雪录五姐姐甘愿做妾 (7625881)
2025-07-27 05:48:33 +08:00:   #31 权志龙雅加达演唱会 (7625611)
2025-07-27 05:48:33 +08:00:   #32 赏脸跳个舞吗 (7622750)
2025-07-27 05:48:33 +08:00:   #33 被布瑞吉CTL舞台硬控了 (7621645)
2025-07-27 05:48:33 +08:00:   #34 电视剧樱桃琥珀大结局 (7621164)
2025-07-27 05:48:33 +08:00:   #35 爱你的人会和你养樱朵朵 (7620842)
2025-07-27 05:48:33 +08:00:   #36 陈佩斯说戏台曾不被精英看好 (7620382)
2025-07-27 05:48:33 +08:00:   #37 马嘉祺三天三夜嗨爆了 (7615700)
2025-07-27 05:48:33 +08:00:   #38 深情眼看得我分不清现实还是剧情 (7613071)
2025-07-27 05:48:33 +08:00:   #39 王栎鑫终于对万物生下手了 (7611115)
2025-07-27 05:48:33 +08:00:   #40 宋亚轩版对面的女孩看过来 (7608058)
2025-07-27 05:48:33 +08:00:   #41 汪苏泷演唱会唱了年轮 (7600997)
2025-07-27 05:48:33 +08:00:   #42 年轮原唱争议你怎么看 (7592367)
2025-07-27 05:48:33 +08:00:   #43 就来这里过夏天 (7560402)
2025-07-27 05:48:33 +08:00:   #44 小生不才献诗一首 (7555116)
2025-07-27 05:48:33 +08:00:   #45 檀健次cha打车摇 (7520085)
2025-07-27 05:48:33 +08:00:   #46 我是真没招了 (7456105)
2025-07-27 05:48:33 +08:00:   #47 陈都灵新剧妈咪级别 (7440863)
2025-07-27 05:48:33 +08:00:   #48 小沈阳：这鹅是冲我来的 (7438520)
2025-07-27 05:48:33 +08:00:   #49 蒲熠星武汉演唱会 (7414734)
2025-07-27 05:48:33 +08:00:   #50 房主任翻过成见这座大山 
2025-07-27 05:48:33 +08:00:   #51 这是寿司还是宙斯 
2025-07-27 05:48:33 +08:00:   #52 时代少年团演唱会 
2025-07-27 05:48:33 +08:00:   #53 黄杨某甜有关问题最新通报 
2025-07-27 05:48:33 +08:00:   #54 小白杯总决赛 
2025-07-27 05:48:33 +08:00: 
2025-07-27 05:48:33 +08:00: 📱 快手
2025-07-27 05:48:33 +08:00:   #1 中国对欧政策保持长期稳定 
2025-07-27 05:48:33 +08:00:   #2 AG夺得KWC总冠军 (1334.8万)
2025-07-27 05:48:33 +08:00:   #3 张真源脱衣跳舞solo (1281.3万)
2025-07-27 05:48:33 +08:00:   #4 国补第三批690亿元资金下达 (1247.3万)
2025-07-27 05:48:33 +08:00:   #5 小沈阳女儿第一章回国 (1213.3万)
2025-07-27 05:48:33 +08:00:   #6 受台风影响15省市将迎大到暴雨 (1191.7万)
2025-07-27 05:48:33 +08:00:   #7 90张日军暴行照片在日本展出 (1171.6万)
2025-07-27 05:48:33 +08:00:   #8 杨洋真的“误闯仙家”了 (1150.4万)
2025-07-27 05:48:33 +08:00:   #9 河北阜平遭极端特大暴雨 (1106.6万)
2025-07-27 05:48:33 +08:00:   #10 少林寺回应网传释永信被查 (1085.3万)
2025-07-27 05:48:33 +08:00:   #11 泰国前总理到泰柬边境为居民炒饭 (1064.3万)
2025-07-27 05:48:33 +08:00:   #12 “宁德金涵水库爆了”系谣言 (1062.8万)
2025-07-27 05:48:33 +08:00:   #13 北京基孔肯雅热本地感染风险极低 (1061.3万)
2025-07-27 05:48:33 +08:00:   #14 中国最热的地方 (1058.3万)
2025-07-27 05:48:33 +08:00:   #15 光头强上综艺当上老板 (1055.8万)
2025-07-27 05:48:33 +08:00:   #16 江西辟谣霸凌事件相关谣言 (1053.4万)
2025-07-27 05:48:33 +08:00:   #17 王楚钦示意观众关闭闪光灯 (1050.6万)
2025-07-27 05:48:33 +08:00:   #18 比田一名更油的人出现了 (1048.3万)
2025-07-27 05:48:33 +08:00:   #19 岳云鹏哭了 (1046万)
2025-07-27 05:48:33 +08:00:   #20 调拨中央救灾物资支援河北陕西 (1041.4万)
2025-07-27 05:48:33 +08:00:   #21 TTG巅峰对决AG (1039.2万)
2025-07-27 05:48:33 +08:00:   #22 小沈阳女儿新歌登顶韩国榜第一 (1037.8万)
2025-07-27 05:48:33 +08:00:   #23 宋亚轩偷偷流泪 (1036.5万)
2025-07-27 05:48:33 +08:00:   #24 全网都在模仿田一名 (1031.4万)
2025-07-27 05:48:33 +08:00:   #25 中方回应法国将承认巴勒斯坦国 (1028.6万)
2025-07-27 05:48:33 +08:00:   #26 邓紫棋演唱会四万人一起开摩托 (1025.6万)
2025-07-27 05:48:33 +08:00:   #27 王楚钦3比0周雨 (1023.2万)
2025-07-27 05:48:33 +08:00:   #28 小伙缅甸失联最后定位在妙瓦底 (1021万)
2025-07-27 05:48:33 +08:00:   #29 人在尿急的时候耳朵会聋 (1018.9万)
2025-07-27 05:48:33 +08:00:   #30 马嘉祺马芙脑 (1016.1万)
2025-07-27 05:48:33 +08:00:   #31 孙颖莎文武双全版体能数学题 (1013.8万)
2025-07-27 05:48:33 +08:00:   #32 蔡依林时隔6年发新专 (1010.9万)
2025-07-27 05:48:33 +08:00:   #33 看熊出没的孩子长大了 (1008.3万)
2025-07-27 05:48:33 +08:00:   #34 陈佩斯新电影怀念赵丽蓉 (1005.8万)
2025-07-27 05:48:33 +08:00:   #35 宋亚轩病娇男鬼味 (1003万)
2025-07-27 05:48:33 +08:00:   #36 樊振东首谈巴黎男单夺金幕后 (1000.1万)
2025-07-27 05:48:33 +08:00:   #37 你从未离去的杀伤力 (997.6万)
2025-07-27 05:48:33 +08:00:   #38 张碧晨有三首歌都是汪苏泷创作 (995.5万)
2025-07-27 05:48:33 +08:00:   #39 徐志胜减肥瘦了十五斤 (992.6万)
2025-07-27 05:48:33 +08:00:   #40 马嘉祺好像老实人豁出去了 (988.3万)
2025-07-27 05:48:33 +08:00:   #41 女版田一名 (985.8万)
2025-07-27 05:48:33 +08:00:   #42 戏台票房破亿 (983.1万)
2025-07-27 05:48:33 +08:00:   #43 时代少年团太敢说了 (980.2万)
2025-07-27 05:48:33 +08:00:   #44 何洁带着她的花杀回来了 (978.1万)
2025-07-27 05:48:33 +08:00:   #45 马嘉祺险些马失前蹄 (975.1万)
2025-07-27 05:48:33 +08:00:   #46 贺峻霖花仙子造型 (972.3万)
2025-07-27 05:48:33 +08:00:   #47 鹿晗跳了肯恰那 (969.4万)
2025-07-27 05:48:33 +08:00:   #48 时代少年团这是真登顶了 (967.1万)
2025-07-27 05:48:33 +08:00:   #49 宋亚轩严浩翔讨厌红楼梦舞台 (964.4万)
2025-07-27 05:48:33 +08:00:   #50 汪苏泷演唱会祝陈楚生生日快乐 (962.1万)
2025-07-27 05:48:33 +08:00:   #51 丁程鑫跳了星奇摇 (961.4万)
2025-07-27 05:48:33 +08:00: 
2025-07-27 05:48:33 +08:00: 📱 今日头条
2025-07-27 05:48:33 +08:00:   #1 卡德罗夫突发溺水事故被紧急送医 (15495361)
2025-07-27 05:48:33 +08:00:   #2 专家：全球已近30万人感染基孔肯雅热 (14020782)
2025-07-27 05:48:33 +08:00:   #3 多预警齐发 外出需注意 (12686528)
2025-07-27 05:48:33 +08:00:   #4 AI教父呼吁全球联手让AI向善 (11479245)
2025-07-27 05:48:33 +08:00:   #5 《年轮》纠纷撕裂了谁的体面 (10386851)
2025-07-27 05:48:33 +08:00:   #6 网传少林寺方丈释永信被带走调查 (9398411)
2025-07-27 05:48:33 +08:00:   #7 北电教授谈陈佩斯电影《戏台》 (8504034)
2025-07-27 05:48:33 +08:00:   #8 基孔肯雅热患者讲述患病经历 (7694768)
2025-07-27 05:48:33 +08:00:   #9 你会让孩子读降分民办本科吗 (6962514)
2025-07-27 05:48:33 +08:00:   #10 网络谣言背后的真相 (6299943)
2025-07-27 05:48:33 +08:00:   #11 特朗普为什么发动人人喊打的关税战 (5700424)
2025-07-27 05:48:33 +08:00:   #12 医生：90%的肺小结节都是良性的 (5157957)
2025-07-27 05:48:33 +08:00:   #13 扫毒风暴导演：卢少骅的坏是天生的 (4667113)
2025-07-27 05:48:33 +08:00:   #14 樊振东：深受饭圈困扰 被陌生人闯房间 (4222978)
2025-07-27 05:48:33 +08:00:   #15 幼儿园免费教育能提高出生率吗 (3821109)
2025-07-27 05:48:33 +08:00:   #16 金龟子女儿办婚礼 领证3年已育一子 (3457482)
2025-07-27 05:48:33 +08:00:   #17 千万粉丝网红旺仔小乔发文道歉 (3128459)
2025-07-27 05:48:33 +08:00:   #18 本轮华北强降水何时结束 (2830747)
2025-07-27 05:48:33 +08:00:   #19 老挝军方否认与柬武装人员发生交火 (2561365)
2025-07-27 05:48:33 +08:00:   #20 特朗普回应法国将承认巴勒斯坦国 (2317619)
2025-07-27 05:48:33 +08:00:   #21 31岁男子北海乘摩托艇遇难 家属发声 (2097069)
2025-07-27 05:48:33 +08:00:   #22 刘禹彤为国争光落泪让你感动了吗 (1897506)
2025-07-27 05:48:33 +08:00:   #23 张碧晨有三首歌都是汪苏泷作词作曲 (1716934)
2025-07-27 05:48:33 +08:00:   #24 中美谈判在即贝森特再次发起威胁 (1553547)
2025-07-27 05:48:33 +08:00:   #25 李在明开始对华加税意味什么 (1405707)
2025-07-27 05:48:33 +08:00:   #26 陈大愚谈参演电影《戏台》感受 (1271936)
2025-07-27 05:48:33 +08:00:   #27 为何说日本谈下15%关税不是利空 (1150895)
2025-07-27 05:48:33 +08:00:   #28 泰柬两国边境地区再次发生交火 (1041373)
2025-07-27 05:48:33 +08:00:   #29 特朗普冯德莱恩会开启高尔夫外交吗 (942273)
2025-07-27 05:48:33 +08:00:   #30 45岁董璇说自己是新婚 (852604)
2025-07-27 05:48:33 +08:00:   #31 陈佩斯和10后影迷谈《戏台》选角 (771468)
2025-07-27 05:48:33 +08:00:   #32 福耀科技大学7位院长亮相 (698053)
2025-07-27 05:48:33 +08:00:   #33 老人小心翼翼抱着刚出生的重孙 (631625)
2025-07-27 05:48:33 +08:00:   #34 中国女排第52次回漳州“娘家”集训 (571518)
2025-07-27 05:48:33 +08:00:   #35 泰方：确认使用集束弹药 (517130)
2025-07-27 05:48:33 +08:00:   #36 女子坚持取现390万 银行民警齐劝阻 (467919)
2025-07-27 05:48:33 +08:00:   #37 大学生溺亡 安全生产岂能成官样文章 (423390)
2025-07-27 05:48:33 +08:00:   #38 609分考生被误录到马来已确认复读 (383099)
2025-07-27 05:48:33 +08:00:   #39 直击山西大同御河洪水过境现场 (346643)
2025-07-27 05:48:33 +08:00:   #40 汪苏泷工作室深夜发声 (313655)
2025-07-27 05:48:33 +08:00:   #41 609分考生回应被误录到厦大马来分校 (283807)
2025-07-27 05:48:33 +08:00:   #42 董璇谈前夫高云翔：他对我非常好 (256799)
2025-07-27 05:48:33 +08:00:   #43 樊振东首谈巴黎夺金：不能接受输 (232361)
2025-07-27 05:48:33 +08:00:   #44 如何应对基孔肯雅热 (210249)
2025-07-27 05:48:33 +08:00:   #45 人形机器人在“上海弄堂”秀技能 (190241)
2025-07-27 05:48:33 +08:00:   #46 印度小偷行窃后挂在火车外侧趁机跳车 (172137)
2025-07-27 05:48:33 +08:00:   #47 16人考上厦门大学马来分校决定复读 (155756)
2025-07-27 05:48:33 +08:00:   #48 俄乌短期停火可能性有多大 (140934)
2025-07-27 05:48:33 +08:00:   #49 张碧晨方说无需多言 (127522)
2025-07-27 05:48:33 +08:00:   #50 媒体人解读高考389分捡漏211大学 (115387)
2025-07-27 05:48:33 +08:00: 
2025-07-27 05:48:33 +08:00: 📱 Bilibili
2025-07-27 05:48:33 +08:00:   #1 BLG战胜AL (587767)
2025-07-27 05:48:33 +08:00:   #2 UP主用AI制作科普大片 (78279)
2025-07-27 05:48:33 +08:00:   #3 游戏公司校招生入职体验 (67286)
2025-07-27 05:48:33 +08:00:   #4 AI史上最硬核的10位天才 (66781)
2025-07-27 05:48:33 +08:00:   #5 年轮原唱应该是谁 (66135)
2025-07-27 05:48:33 +08:00:   #6 AG夺得KWC冠军 (64313)
2025-07-27 05:48:33 +08:00:   #7 明日方舟回应内容被泄露 (60714)
2025-07-27 05:48:33 +08:00:   #8 TE战胜BLG (57165)
2025-07-27 05:48:33 +08:00:   #9 韩立晋级易如反掌 (52687)
2025-07-27 05:48:33 +08:00:   #10 博士生爸爸与抽动症儿子 (52644)
2025-07-27 05:48:33 +08:00:   #11 宋亚轩 爱是怀疑 (52544)
2025-07-27 05:48:33 +08:00:   #12 凡人最新设定图出炉 (51209)
2025-07-27 05:48:33 +08:00:   #13 2025上半年热梗总结 (47242)
2025-07-27 05:48:33 +08:00:   #14 影之刃零线下试玩实机 (47200)
2025-07-27 05:48:33 +08:00:   #15 JDG战胜TEC (46665)
2025-07-27 05:48:33 +08:00:   #16 影之刃零隐藏双boss (45899)
2025-07-27 05:48:33 +08:00:   #17 怪兽8号变身失败 (44031)
2025-07-27 05:48:33 +08:00:   #18 法律角度评年轮原唱之争 (42512)
2025-07-27 05:48:33 +08:00:   #19 不是AI 也不是真苹果 (41787)
2025-07-27 05:48:33 +08:00:   #20 骤影绯月杀全新PV (38740)
2025-07-27 05:48:33 +08:00:   #21 年轮原唱争议事件梳理 (36904)
2025-07-27 05:48:33 +08:00:   #22 初中学历四年高考上岸 (33480)
2025-07-27 05:48:33 +08:00:   #23 童年动画都是神作吗 (28656)
2025-07-27 05:48:33 +08:00:   #24 基孔肯雅热如何防范 (27320)
2025-07-27 05:48:33 +08:00:   #25 极客湾深度解析NS2 (26011)
2025-07-27 05:48:33 +08:00:   #26 二次元UP分享组乐队经历 (25578)
2025-07-27 05:48:33 +08:00:   #27 曝植僵重制版10月23日发售 (23826)
2025-07-27 05:48:33 +08:00:   #28 猎鹰与冬兵上线B站 (20050)
2025-07-27 05:48:33 +08:00:   #29 MRC战胜北京WBG (17545)
2025-07-27 05:48:33 +08:00:   #30 内乱缠身的乍得能破局吗 (16798)
2025-07-27 05:48:33 +08:00:   #31 用B站的方式打开战地6PV (15972)
2025-07-27 05:48:33 +08:00:   #32 中国女篮大运会击败美国夺冠 (15241)
2025-07-27 05:48:33 +08:00:   #33 特朗普为何要推翻环保政策 (14495)
2025-07-27 05:48:33 +08:00:   #34 童年动画因情怀过誉了吗 (11940)
2025-07-27 05:48:33 +08:00:   #35 你没注意到的罗小黑细节 (11589)
2025-07-27 05:48:33 +08:00:   #36 解读灵笼三大法则崩塌 (11341)
2025-07-27 05:48:33 +08:00:   #37 如何看美国航母又延期 (10987)
2025-07-27 05:48:33 +08:00:   #38 如何看厂长复出执教首秀 (10921)
2025-07-27 05:48:33 +08:00:   #39 小人物揭露日军大屠杀罪证 (10418)
2025-07-27 05:48:33 +08:00:   #40 用古印度神话打开灵笼 (9356)
2025-07-27 05:48:33 +08:00:   #41 影之刃零制作人专访 (9236)
2025-07-27 05:48:33 +08:00:   #42 特大暴雨来了 (8585)
2025-07-27 05:48:33 +08:00:   #43 基孔肯雅热会人传人吗 (7965)
2025-07-27 05:48:33 +08:00:   #44 法国监狱的犯人吃什么 (7754)
2025-07-27 05:48:33 +08:00:   #45 Spylent 白客魔性开唱 (7056)
2025-07-27 05:48:33 +08:00:   #46 灵笼顶级文案解读 (6589)
2025-07-27 05:48:33 +08:00:   #47 低价数据线可以用吗 (6509)
2025-07-27 05:48:33 +08:00:   #48 WBG彩六分部晋级EWC (6371)
2025-07-27 05:48:33 +08:00:   #49 AI教父辛顿现身WAIC (6360)
2025-07-27 05:48:33 +08:00:   #50 罗小黑跟师姐逛会馆 (6359)
2025-07-27 05:48:33 +08:00: 
2025-07-27 05:48:33 +08:00: 📱 知乎
2025-07-27 05:48:33 +08:00:   #1 北大将全面取消绩点 (hot)
2025-07-27 05:48:33 +08:00:   #2 汪苏泷张碧晨《年轮》原唱之争 (hot)
2025-07-27 05:48:33 +08:00:   #3 6名大学生溺亡涉事矿企3人被抓 (hot)
2025-07-27 05:48:33 +08:00:   #4 海南全岛封关哪些行业首批受益 
2025-07-27 05:48:33 +08:00:   #5 懂车帝封闭高速辅助驾驶测试 (hot)
2025-07-27 05:48:33 +08:00:   #6 6名大学生在企业参观学习时溺亡 
2025-07-27 05:48:33 +08:00:   #7 泰国与柬埔寨发生交火 (hot)
2025-07-27 05:48:33 +08:00:   #8 为什么明知领导能力不行但还被提拔 
2025-07-27 05:48:33 +08:00:   #9 张碧晨方称享有年轮永久演唱权利 
2025-07-27 05:48:33 +08:00:   #10 武大图书馆事件不认定性骚扰 
2025-07-27 05:48:33 +08:00:   #11 如何看待堂主 lee 成功挑战埼玉训练法 
2025-07-27 05:48:33 +08:00:   #12 台湾大罢免投票 
2025-07-27 05:48:33 +08:00: 
2025-07-27 05:48:33 +08:00: 📱 豆瓣
2025-07-27 05:48:33 +08:00:   #1 想做的事，别等“以后” (960.5万)
2025-07-27 05:48:33 +08:00:   #2 普通人有哪些糟糕的财务决定 (25.8万)
2025-07-27 05:48:33 +08:00:   #3 中年人感悟特别多 (881.0万)
2025-07-27 05:48:33 +08:00:   #4 我身边闷声发财的普通人 (24.1万)
2025-07-27 05:48:33 +08:00:   #5 让人生变开阔的方法 (329.7万)
2025-07-27 05:48:33 +08:00:   #6 哪个瞬间你发现自己被琐碎地爱着？ (228.3万)
2025-07-27 05:48:33 +08:00:   #7 你有哪些“终不似，少年游”的经历？ (148.7万)
2025-07-27 05:48:33 +08:00:   #8 重新养一遍自己，可真好啊 (601.5万)
2025-07-27 05:48:33 +08:00:   #9 信不信我可以变成一只猫 (15.0万)
2025-07-27 05:48:33 +08:00:   #10 重启人生第一天 (6.9万)
2025-07-27 05:48:33 +08:00:   #11 我能把生活过得很好 (1127.2万)
2025-07-27 05:48:33 +08:00:   #12 那些让你脊背发凉的冷门惊悚片 (5.0万)
2025-07-27 05:48:33 +08:00:   #13 有小猫的春天最快乐！（晒猫领奖啦） (12.3万)
2025-07-27 05:48:33 +08:00:   #14 我的健身穿搭 (757.2万)
2025-07-27 05:48:33 +08:00:   #15 拥有肌肉线条那一刻 (164.3万)
2025-07-27 05:48:33 +08:00:   #16 你活出“主体性”的瞬间是什么？ (354.6万)
2025-07-27 05:48:33 +08:00:   #17 再颠簸的生活，也要闪亮的过 (349.9万)
2025-07-27 05:48:33 +08:00:   #18 笑死在评论区 (16410.5万)
2025-07-27 05:48:33 +08:00:   #19 我家有位猫大仙 (163.2万)
2025-07-27 05:48:33 +08:00:   #20 豆瓣全女采访好敢说 (37.5万)
2025-07-27 05:48:33 +08:00: 
2025-07-27 05:48:33 +08:00: 📱 酷狗音乐
2025-07-27 05:48:33 +08:00:   #1 若是来生再相遇 - 烟嗓船长 (新入榜)
2025-07-27 05:48:33 +08:00:   #2 月亮照山川 - 王铮亮 (新入榜)
2025-07-27 05:48:33 +08:00:   #3 别回家了 - 王源 (新入榜)
2025-07-27 05:48:33 +08:00:   #4 辞九门回忆 (卡点节奏版) - 祥嘞嘞 (新入榜)
2025-07-27 05:48:33 +08:00:   #5 你的请帖 - 夏子涓 (新入榜)
2025-07-27 05:48:33 +08:00:   #6 漫漫 - 周深 (新入榜)
2025-07-27 05:48:33 +08:00:   #7 醉过方知酒浓 (国粤语版) - 洋澜一、王晴 (新入榜)
2025-07-27 05:48:33 +08:00:   #8 不为谁而作的歌 - 林俊杰 (新入榜)
2025-07-27 05:48:33 +08:00:   #9 我记得你眼里的依恋 - 兔子水手 (新入榜)
2025-07-27 05:48:33 +08:00:   #10 绝情晃一杯 - 南风 (新入榜)
2025-07-27 05:48:33 +08:00:   #11 我不是一定非要爱你不可 - 苏拉文雅 (新入榜)
2025-07-27 05:48:33 +08:00:   #12 年轮 - 汪苏泷 (新入榜)
2025-07-27 05:48:33 +08:00:   #13 我的爱藏着自卑 (我的懂事藏着泪) - 田园 (新入榜)
2025-07-27 05:48:33 +08:00:   #14 晚风 (走心版) - 云南三怪 (新入榜)
2025-07-27 05:48:33 +08:00:   #15 为时已晚 (越大越觉孤单) - CHECKYHON、豪公子 (新入榜)
2025-07-27 05:48:33 +08:00:   #16 我曾经发了疯的想 (合唱版) - 丫蛋、燕宝儿、菲儿 (新入榜)
2025-07-27 05:48:33 +08:00:   #17 怎叹繁花误良辰 - 烟嗓船长 (新入榜)
2025-07-27 05:48:33 +08:00:   #18 Coolest (PHONK) - Andee Son (新入榜)
2025-07-27 05:48:33 +08:00:   #19 我曾经发了疯的想 (合唱版) - 丫蛋、燕宝儿、那艺娜 (新入榜)
2025-07-27 05:48:33 +08:00:   #20 寂寞寂寞不好 - 曹格 (新入榜)
2025-07-27 05:48:33 +08:00:   #21 风吹散的诺言 - 周宇 (新入榜)
2025-07-27 05:48:33 +08:00:   #22 背着风流泪 - 大潞 (新入榜)
2025-07-27 05:48:33 +08:00: 
2025-07-27 05:48:33 +08:00: 📤 开始发送飞书消息...
2025-07-27 05:48:33 +08:00: 📤 正在发送 微博热搜...
2025-07-27 05:48:33 +08:00: ✅ 飞书推送成功
2025-07-27 05:48:33 +08:00: ✅ 微博热搜 发送成功
2025-07-27 05:48:33 +08:00: 📤 正在发送 抖音热搜...
2025-07-27 05:48:34 +08:00: ✅ 飞书推送成功
2025-07-27 05:48:34 +08:00: ✅ 抖音热搜 发送成功
2025-07-27 05:48:34 +08:00: 📤 正在发送 快手热搜...
2025-07-27 05:48:35 +08:00: ✅ 飞书推送成功
2025-07-27 05:48:35 +08:00: ✅ 快手热搜 发送成功
2025-07-27 05:48:35 +08:00: 📤 正在发送 今日头条热搜...
2025-07-27 05:48:35 +08:00: ✅ 飞书推送成功
2025-07-27 05:48:35 +08:00: ✅ 今日头条热搜 发送成功
2025-07-27 05:48:35 +08:00: 📤 正在发送 Bilibili热搜...
2025-07-27 05:48:36 +08:00: ✅ 飞书推送成功
2025-07-27 05:48:36 +08:00: ✅ Bilibili热搜 发送成功
2025-07-27 05:48:36 +08:00: 📤 正在发送 知乎热搜...
2025-07-27 05:48:36 +08:00: ✅ 飞书推送成功
2025-07-27 05:48:36 +08:00: ✅ 知乎热搜 发送成功
2025-07-27 05:48:36 +08:00: 📤 正在发送 豆瓣热搜...
2025-07-27 05:48:36 +08:00: ✅ 飞书推送成功
2025-07-27 05:48:36 +08:00: ✅ 豆瓣热搜 发送成功
2025-07-27 05:48:36 +08:00: 📤 正在发送 酷狗音乐榜...
2025-07-27 05:48:37 +08:00: ✅ 飞书推送成功
2025-07-27 05:48:37 +08:00: ✅ 酷狗音乐榜 发送成功
2025-07-27 05:48:37 +08:00: 📊 飞书发送统计: 8/8 个平台发送成功
