{"imgUrl":"https://iiif.micr.io/yzksg/full/1800,/0/default.jpg","cosUrl":"https://1s-1257307499.cos.ap-beijing.myqcloud.com/vangogh/default.jpg.jpg","status":"cos_upload_success"}
{"imgUrl":"https://iiif.micr.io/PkNZD/full/1800,/0/default.jpg","cosUrl":"https://1s-1257307499.cos.ap-beijing.myqcloud.com/vangogh/default.jpg.jpg","status":"cos_upload_success"}
{"imgUrl":"https://iiif.micr.io/qDCTO/full/1800,/0/default.jpg","cosUrl":"https://1s-1257307499.cos.ap-beijing.myqcloud.com/vangogh/default.jpg.jpg","status":"cos_upload_success"}
{"imgUrl":"https://iiif.micr.io/rzhJC/full/1800,/0/default.jpg","cosUrl":"https://1s-1257307499.cos.ap-beijing.myqcloud.com/vangogh/default.jpg.jpg","status":"cos_upload_success"}
{"imgUrl":"https://iiif.micr.io/yzksg/full/1800,/0/default.jpg","cosUrl":"https://1s-1257307499.cos.ap-beijing.myqcloud.com/vangogh/default.jpg.jpg","status":"cos_upload_success"}
{"imgUrl":"https://iiif.micr.io/PkNZD/full/1800,/0/default.jpg","cosUrl":"https://1s-1257307499.cos.ap-beijing.myqcloud.com/vangogh/default.jpg.jpg","status":"cos_upload_success"}
{"imgUrl":"https://iiif.micr.io/qDCTO/full/1800,/0/default.jpg","cosUrl":"https://1s-1257307499.cos.ap-beijing.myqcloud.com/vangogh/default.jpg.jpg","status":"cos_upload_success"}
{"imgUrl":"https://iiif.micr.io/rzhJC/full/1800,/0/default.jpg","cosUrl":"https://1s-1257307499.cos.ap-beijing.myqcloud.com/vangogh/default.jpg.jpg","status":"cos_upload_success"}
{"imgUrl":"https://iiif.micr.io/PoVJv/full/1800,/0/default.jpg","cosUrl":"https://1s-1257307499.cos.ap-beijing.myqcloud.com/vangogh/default.jpg.jpg","status":"cos_upload_success"}
{"imgUrl":"https://iiif.micr.io/TZCqF/full/1800,/0/default.jpg","cosUrl":"https://1s-1257307499.cos.ap-beijing.myqcloud.com/vangogh/default.jpg.jpg","status":"cos_upload_success"}
{"imgUrl":"https://iiif.micr.io/NyxcG/full/1800,/0/default.jpg","cosUrl":"https://1s-1257307499.cos.ap-beijing.myqcloud.com/vangogh/default.jpg.jpg","status":"cos_upload_success"}
{"imgUrl":"https://iiif.micr.io/ZKSPH/full/1800,/0/default.jpg","cosUrl":"https://1s-1257307499.cos.ap-beijing.myqcloud.com/vangogh/default.jpg.jpg","status":"cos_upload_success"}
{"imgUrl":"https://iiif.micr.io/HDzja/full/1800,/0/default.jpg","cosUrl":"https://1s-1257307499.cos.ap-beijing.myqcloud.com/vangogh/default.jpg.jpg","status":"cos_upload_success"}
{"imgUrl":"https://iiif.micr.io/HVTVF/full/1800,/0/default.jpg","cosUrl":"https://1s-1257307499.cos.ap-beijing.myqcloud.com/vangogh/default.jpg.jpg","status":"cos_upload_success"}
{"imgUrl":"https://iiif.micr.io/fhXoU/full/1800,/0/default.jpg","cosUrl":"https://1s-1257307499.cos.ap-beijing.myqcloud.com/vangogh/default.jpg.jpg","status":"cos_upload_success"}
{"imgUrl":"https://iiif.micr.io/QHzII/full/1800,/0/default.jpg","cosUrl":"https://1s-1257307499.cos.ap-beijing.myqcloud.com/vangogh/default.jpg.jpg","status":"cos_upload_success"}
{"imgUrl":"https://iiif.micr.io/rAERt/full/1800,/0/default.jpg","cosUrl":"https://1s-1257307499.cos.ap-beijing.myqcloud.com/vangogh/default.jpg.jpg","status":"cos_upload_success"}
{"imgUrl":"https://iiif.micr.io/giZUM/full/1800,/0/default.jpg","cosUrl":"https://1s-1257307499.cos.ap-beijing.myqcloud.com/vangogh/default.jpg.jpg","status":"cos_upload_success"}
{"imgUrl":"https://iiif.micr.io/iXnxI/full/1800,/0/default.jpg","cosUrl":"https://1s-1257307499.cos.ap-beijing.myqcloud.com/vangogh/default.jpg.jpg","status":"cos_upload_success"}
{"imgUrl":"https://iiif.micr.io/LJtwZ/full/1800,/0/default.jpg","cosUrl":"https://1s-1257307499.cos.ap-beijing.myqcloud.com/vangogh/default.jpg.jpg","status":"cos_upload_success"}
{"imgUrl":"https://iiif.micr.io/iWYqT/full/1800,/0/default.jpg","cosUrl":"https://1s-1257307499.cos.ap-beijing.myqcloud.com/vangogh/default.jpg.jpg","status":"cos_upload_success"}
{"imgUrl":"https://iiif.micr.io/gzrkN/full/1800,/0/default.jpg","cosUrl":"https://1s-1257307499.cos.ap-beijing.myqcloud.com/vangogh/default.jpg.jpg","status":"cos_upload_success"}
{"imgUrl":"https://iiif.micr.io/WPTWb/full/1800,/0/default.jpg","cosUrl":"https://1s-1257307499.cos.ap-beijing.myqcloud.com/vangogh/default.jpg.jpg","status":"cos_upload_success"}
{"imgUrl":"https://iiif.micr.io/sbzXD/full/1800,/0/default.jpg","cosUrl":"https://1s-1257307499.cos.ap-beijing.myqcloud.com/vangogh/default.jpg.jpg","status":"cos_upload_success"}
{"imgUrl":"https://iiif.micr.io/YMakn/full/1800,/0/default.jpg","cosUrl":"https://1s-1257307499.cos.ap-beijing.myqcloud.com/vangogh/default.jpg.jpg","status":"cos_upload_success"}
{"imgUrl":"https://iiif.micr.io/eRPvZ/full/1800,/0/default.jpg","cosUrl":"https://1s-1257307499.cos.ap-beijing.myqcloud.com/vangogh/default.jpg.jpg","status":"cos_upload_success"}
{"imgUrl":"https://iiif.micr.io/cFuKP/full/1800,/0/default.jpg","cosUrl":"https://1s-1257307499.cos.ap-beijing.myqcloud.com/vangogh/default.jpg.jpg","status":"cos_upload_success"}
{"imgUrl":"https://iiif.micr.io/AIlXy/full/1800,/0/default.jpg","cosUrl":"https://1s-1257307499.cos.ap-beijing.myqcloud.com/vangogh/default.jpg.jpg","status":"cos_upload_success"}
{"imgUrl":"https://iiif.micr.io/fIaue/full/1800,/0/default.jpg","cosUrl":"https://1s-1257307499.cos.ap-beijing.myqcloud.com/vangogh/default.jpg.jpg","status":"cos_upload_success"}
{"imgUrl":"https://iiif.micr.io/YMpho/full/1800,/0/default.jpg","cosUrl":"https://1s-1257307499.cos.ap-beijing.myqcloud.com/vangogh/default.jpg.jpg","status":"cos_upload_success"}
{"imgUrl":"https://iiif.micr.io/WONpp/full/1800,/0/default.jpg","cosUrl":"https://1s-1257307499.cos.ap-beijing.myqcloud.com/vangogh/default.jpg.jpg","status":"cos_upload_success"}
{"imgUrl":"https://iiif.micr.io/CDSdE/full/1800,/0/default.jpg","cosUrl":"https://1s-1257307499.cos.ap-beijing.myqcloud.com/vangogh/default.jpg.jpg","status":"cos_upload_success"}
{"imgUrl":"https://iiif.micr.io/MnMlg/full/1800,/0/default.jpg","cosUrl":"https://1s-1257307499.cos.ap-beijing.myqcloud.com/vangogh/default.jpg.jpg","status":"cos_upload_success"}
{"imgUrl":"https://iiif.micr.io/GZBxH/full/1800,/0/default.jpg","cosUrl":"https://1s-1257307499.cos.ap-beijing.myqcloud.com/vangogh/default.jpg.jpg","status":"cos_upload_success"}
{"imgUrl":"https://iiif.micr.io/aXpfg/full/1800,/0/default.jpg","cosUrl":"https://1s-1257307499.cos.ap-beijing.myqcloud.com/vangogh/default.jpg.jpg","status":"cos_upload_success"}
{"imgUrl":"https://iiif.micr.io/jThsE/full/1800,/0/default.jpg","cosUrl":"https://1s-1257307499.cos.ap-beijing.myqcloud.com/vangogh/ad7d03dda099facd84fbaf872b37d9c3.jpg","status":"cos_upload_success"}
{"imgUrl":"https://iiif.micr.io/wsTyi/full/1800,/0/default.jpg","cosUrl":"https://1s-1257307499.cos.ap-beijing.myqcloud.com/vangogh/5c06a78b93760cbae7bb052e1ce4dfc5.jpg","status":"cos_upload_success"}
{"imgUrl":"https://iiif.micr.io/oWRVN/full/1800,/0/default.jpg","cosUrl":"https://1s-1257307499.cos.ap-beijing.myqcloud.com/vangogh/f76822781e4f7e2450107805f35aacd9.jpg","status":"cos_upload_success"}
{"imgUrl":"https://iiif.micr.io/kytiQ/full/1800,/0/default.jpg","cosUrl":"https://1s-1257307499.cos.ap-beijing.myqcloud.com/vangogh/ddf9188139f17c7988c6f89ffb415d29.jpg","status":"cos_upload_success"}
{"imgUrl":"https://iiif.micr.io/TznmE/full/1800,/0/default.jpg","cosUrl":"https://1s-1257307499.cos.ap-beijing.myqcloud.com/vangogh/ec3c2629abbe0f0ef6dd98e21387375c.jpg","status":"cos_upload_success"}
{"imgUrl":"https://iiif.micr.io/MoiLH/full/1800,/0/default.jpg","cosUrl":"https://1s-1257307499.cos.ap-beijing.myqcloud.com/vangogh/e10d6cf86d29c3295532bcd53bd5945b.jpg","status":"cos_upload_success"}
{"imgUrl":"https://iiif.micr.io/XwmhV/full/1800,/0/default.jpg","cosUrl":"https://1s-1257307499.cos.ap-beijing.myqcloud.com/vangogh/c40784eda540cd52e12d24546b98236b.jpg","status":"cos_upload_success"}
{"imgUrl":"https://iiif.micr.io/EoQoM/full/1800,/0/default.jpg","cosUrl":"https://1s-1257307499.cos.ap-beijing.myqcloud.com/vangogh/34c990c232b272f91bef08a47d025160.jpg","status":"cos_upload_success"}
{"imgUrl":"https://iiif.micr.io/xwWju/full/1800,/0/default.jpg","cosUrl":"https://1s-1257307499.cos.ap-beijing.myqcloud.com/vangogh/dd652baeaf12364f020c1b6b61e74eae.jpg","status":"cos_upload_success"}
{"imgUrl":"https://iiif.micr.io/uQbFZ/full/1800,/0/default.jpg","cosUrl":"https://1s-1257307499.cos.ap-beijing.myqcloud.com/vangogh/5b1f88728d8a6fbd08b4fe09c1f355c0.jpg","status":"cos_upload_success"}
{"imgUrl":"https://iiif.micr.io/DXJRe/full/1800,/0/default.jpg","cosUrl":"https://1s-1257307499.cos.ap-beijing.myqcloud.com/vangogh/99e7252a28df148f27696afd01c0668e.jpg","status":"cos_upload_success"}
{"imgUrl":"https://iiif.micr.io/HzxVW/full/1800,/0/default.jpg","cosUrl":"https://1s-1257307499.cos.ap-beijing.myqcloud.com/vangogh/85f2936b358986141e7c8fd68717c8b8.jpg","status":"cos_upload_success"}
{"imgUrl":"https://iiif.micr.io/TpfgP/full/1800,/0/default.jpg","cosUrl":"https://1s-1257307499.cos.ap-beijing.myqcloud.com/vangogh/1803617a20bc015cc3fc87a86d120836.jpg","status":"cos_upload_success"}
{"imgUrl":"https://iiif.micr.io/dJrtq/full/1800,/0/default.jpg","cosUrl":"https://1s-1257307499.cos.ap-beijing.myqcloud.com/vangogh/22cb278f0d33fc2d4f455b5099cc4e77.jpg","status":"cos_upload_success"}
{"imgUrl":"https://iiif.micr.io/OKyAO/full/1800,/0/default.jpg","cosUrl":"https://1s-1257307499.cos.ap-beijing.myqcloud.com/vangogh/68dd5dc5e4ccfc067fae3aaa8306848b.jpg","status":"cos_upload_success"}
{"imgUrl":"https://iiif.micr.io/pQORL/full/1800,/0/default.jpg","cosUrl":"https://1s-1257307499.cos.ap-beijing.myqcloud.com/vangogh/a1fe9900d59d5cb74c02e757dc48f1d1.jpg","status":"cos_upload_success"}
{"imgUrl":"https://iiif.micr.io/kTgwe/full/1800,/0/default.jpg","cosUrl":"https://1s-1257307499.cos.ap-beijing.myqcloud.com/vangogh/f15e44f2c6e674c1f8f34350b3883b24.jpg","status":"cos_upload_success"}
{"imgUrl":"https://iiif.micr.io/gcuxO/full/1800,/0/default.jpg","cosUrl":"https://1s-1257307499.cos.ap-beijing.myqcloud.com/vangogh/81fa2e67b7dd311f6570ae3ebabd0b11.jpg","status":"cos_upload_success"}
{"imgUrl":"https://iiif.micr.io/RBmDF/full/1800,/0/default.jpg","cosUrl":"https://1s-1257307499.cos.ap-beijing.myqcloud.com/vangogh/d975149ff45b5da1d2bef135c2c524b8.jpg","status":"cos_upload_success"}
{"imgUrl":"https://iiif.micr.io/aYjZs/full/1800,/0/default.jpg","cosUrl":"https://1s-1257307499.cos.ap-beijing.myqcloud.com/vangogh/b7693009e4469e6dc9f57a9bd1a445fa.jpg","status":"cos_upload_success"}
{"imgUrl":"https://iiif.micr.io/FqocZ/full/1800,/0/default.jpg","cosUrl":"https://1s-1257307499.cos.ap-beijing.myqcloud.com/vangogh/e1e081583206d1b27b3495ffdbf45369.jpg","status":"cos_upload_success"}
{"imgUrl":"https://iiif.micr.io/MTlvJ/full/1800,/0/default.jpg","cosUrl":"https://1s-1257307499.cos.ap-beijing.myqcloud.com/vangogh/b28a8fe4577a393d239bf0f8dca54e56.jpg","status":"cos_upload_success"}
{"imgUrl":"https://iiif.micr.io/VqZcp/full/1800,/0/default.jpg","cosUrl":"https://1s-1257307499.cos.ap-beijing.myqcloud.com/vangogh/c66b52e88f17fd4faeb5d58a71ce70fb.jpg","status":"cos_upload_success"}
{"imgUrl":"https://iiif.micr.io/TQzrj/full/1800,/0/default.jpg","cosUrl":"https://1s-1257307499.cos.ap-beijing.myqcloud.com/vangogh/ea7d82bb99d668b95b3d555d236e2524.jpg","status":"cos_upload_success"}
{"imgUrl":"https://iiif.micr.io/ZSDof/full/1800,/0/default.jpg","cosUrl":"https://1s-1257307499.cos.ap-beijing.myqcloud.com/vangogh/6407da2bf0e32c2dacc439214bef8fc2.jpg","status":"cos_upload_success"}
{"imgUrl":"https://iiif.micr.io/IKIZQ/full/1800,/0/default.jpg","cosUrl":"https://1s-1257307499.cos.ap-beijing.myqcloud.com/vangogh/8576bbef76c40a9f6565fa2a9a53a23d.jpg","status":"cos_upload_success"}
{"imgUrl":"https://iiif.micr.io/lixBA/full/1800,/0/default.jpg","cosUrl":"https://1s-1257307499.cos.ap-beijing.myqcloud.com/vangogh/ede6fe7cce7383a8509ae7c4707a4c7b.jpg","status":"cos_upload_success"}
