{"imgUrl":"https://iiif.micr.io/yzksg/full/1800,/0/default.jpg","cosUrl":"https://1s-1257307499.cos.ap-beijing.myqcloud.com/vangogh/default.jpg.jpg","status":"success"}
{"imgUrl":"https://iiif.micr.io/PkNZD/full/1800,/0/default.jpg","cosUrl":"https://1s-1257307499.cos.ap-beijing.myqcloud.com/vangogh/default.jpg.jpg","status":"success"}
{"imgUrl":"https://iiif.micr.io/qDCTO/full/1800,/0/default.jpg","cosUrl":"https://1s-1257307499.cos.ap-beijing.myqcloud.com/vangogh/default.jpg.jpg","status":"success"}
{"imgUrl":"https://iiif.micr.io/rzhJC/full/1800,/0/default.jpg","cosUrl":"https://1s-1257307499.cos.ap-beijing.myqcloud.com/vangogh/default.jpg.jpg","status":"success"}
{"imgUrl":"https://iiif.micr.io/PoVJv/full/1800,/0/default.jpg","cosUrl":"https://1s-1257307499.cos.ap-beijing.myqcloud.com/vangogh/default.jpg.jpg","status":"success"}
{"imgUrl":"https://iiif.micr.io/TZCqF/full/1800,/0/default.jpg","cosUrl":"https://1s-1257307499.cos.ap-beijing.myqcloud.com/vangogh/default.jpg.jpg","status":"success"}
{"imgUrl":"https://iiif.micr.io/NyxcG/full/1800,/0/default.jpg","cosUrl":"https://1s-1257307499.cos.ap-beijing.myqcloud.com/vangogh/default.jpg.jpg","status":"success"}
{"imgUrl":"https://iiif.micr.io/ZKSPH/full/1800,/0/default.jpg","cosUrl":"https://1s-1257307499.cos.ap-beijing.myqcloud.com/vangogh/default.jpg.jpg","status":"success"}
{"imgUrl":"https://iiif.micr.io/HDzja/full/1800,/0/default.jpg","cosUrl":"https://1s-1257307499.cos.ap-beijing.myqcloud.com/vangogh/default.jpg.jpg","status":"success"}
{"imgUrl":"https://iiif.micr.io/HVTVF/full/1800,/0/default.jpg","cosUrl":"https://1s-1257307499.cos.ap-beijing.myqcloud.com/vangogh/default.jpg.jpg","status":"success"}
{"imgUrl":"https://iiif.micr.io/fhXoU/full/1800,/0/default.jpg","cosUrl":"https://1s-1257307499.cos.ap-beijing.myqcloud.com/vangogh/default.jpg.jpg","status":"success"}
{"imgUrl":"https://iiif.micr.io/QHzII/full/1800,/0/default.jpg","cosUrl":"https://1s-1257307499.cos.ap-beijing.myqcloud.com/vangogh/default.jpg.jpg","status":"success"}
{"imgUrl":"https://iiif.micr.io/rAERt/full/1800,/0/default.jpg","cosUrl":"https://1s-1257307499.cos.ap-beijing.myqcloud.com/vangogh/default.jpg.jpg","status":"success"}
{"imgUrl":"https://iiif.micr.io/giZUM/full/1800,/0/default.jpg","cosUrl":"https://1s-1257307499.cos.ap-beijing.myqcloud.com/vangogh/default.jpg.jpg","status":"success"}
{"imgUrl":"https://iiif.micr.io/iXnxI/full/1800,/0/default.jpg","cosUrl":"https://1s-1257307499.cos.ap-beijing.myqcloud.com/vangogh/default.jpg.jpg","status":"success"}
{"imgUrl":"https://iiif.micr.io/LJtwZ/full/1800,/0/default.jpg","cosUrl":"https://1s-1257307499.cos.ap-beijing.myqcloud.com/vangogh/default.jpg.jpg","status":"success"}
{"imgUrl":"https://iiif.micr.io/iWYqT/full/1800,/0/default.jpg","cosUrl":"https://1s-1257307499.cos.ap-beijing.myqcloud.com/vangogh/default.jpg.jpg","status":"success"}
{"imgUrl":"https://iiif.micr.io/gzrkN/full/1800,/0/default.jpg","cosUrl":"https://1s-1257307499.cos.ap-beijing.myqcloud.com/vangogh/default.jpg.jpg","status":"success"}
{"imgUrl":"https://iiif.micr.io/WPTWb/full/1800,/0/default.jpg","cosUrl":"https://1s-1257307499.cos.ap-beijing.myqcloud.com/vangogh/default.jpg.jpg","status":"success"}
{"imgUrl":"https://iiif.micr.io/sbzXD/full/1800,/0/default.jpg","cosUrl":"https://1s-1257307499.cos.ap-beijing.myqcloud.com/vangogh/default.jpg.jpg","status":"success"}
{"imgUrl":"https://iiif.micr.io/YMakn/full/1800,/0/default.jpg","cosUrl":"https://1s-1257307499.cos.ap-beijing.myqcloud.com/vangogh/default.jpg.jpg","status":"success"}
{"imgUrl":"https://iiif.micr.io/eRPvZ/full/1800,/0/default.jpg","cosUrl":"https://1s-1257307499.cos.ap-beijing.myqcloud.com/vangogh/default.jpg.jpg","status":"success"}
{"imgUrl":"https://iiif.micr.io/cFuKP/full/1800,/0/default.jpg","cosUrl":"https://1s-1257307499.cos.ap-beijing.myqcloud.com/vangogh/default.jpg.jpg","status":"success"}
{"imgUrl":"https://iiif.micr.io/AIlXy/full/1800,/0/default.jpg","cosUrl":"https://1s-1257307499.cos.ap-beijing.myqcloud.com/vangogh/default.jpg.jpg","status":"success"}
{"imgUrl":"https://iiif.micr.io/fIaue/full/1800,/0/default.jpg","cosUrl":"https://1s-1257307499.cos.ap-beijing.myqcloud.com/vangogh/default.jpg.jpg","status":"success"}
{"imgUrl":"https://iiif.micr.io/YMpho/full/1800,/0/default.jpg","cosUrl":"https://1s-1257307499.cos.ap-beijing.myqcloud.com/vangogh/default.jpg.jpg","status":"success"}
{"imgUrl":"https://iiif.micr.io/WONpp/full/1800,/0/default.jpg","cosUrl":"https://1s-1257307499.cos.ap-beijing.myqcloud.com/vangogh/default.jpg.jpg","status":"success"}
{"imgUrl":"https://iiif.micr.io/CDSdE/full/1800,/0/default.jpg","cosUrl":"https://1s-1257307499.cos.ap-beijing.myqcloud.com/vangogh/default.jpg.jpg","status":"success"}
{"imgUrl":"https://iiif.micr.io/MnMlg/full/1800,/0/default.jpg","cosUrl":"https://1s-1257307499.cos.ap-beijing.myqcloud.com/vangogh/default.jpg.jpg","status":"success"}
{"imgUrl":"https://iiif.micr.io/GZBxH/full/1800,/0/default.jpg","cosUrl":"https://1s-1257307499.cos.ap-beijing.myqcloud.com/vangogh/default.jpg.jpg","status":"success"}
{"imgUrl":"https://iiif.micr.io/aXpfg/full/1800,/0/default.jpg","cosUrl":"https://1s-1257307499.cos.ap-beijing.myqcloud.com/vangogh/default.jpg.jpg","status":"success"}
{"imgUrl":"https://iiif.micr.io/jThsE/full/1800,/0/default.jpg","cosUrl":"https://1s-1257307499.cos.ap-beijing.myqcloud.com/vangogh/ad7d03dda099facd84fbaf872b37d9c3.jpg","status":"success"}
{"imgUrl":"https://iiif.micr.io/wsTyi/full/1800,/0/default.jpg","cosUrl":"https://1s-1257307499.cos.ap-beijing.myqcloud.com/vangogh/5c06a78b93760cbae7bb052e1ce4dfc5.jpg","status":"success"}
{"imgUrl":"https://iiif.micr.io/oWRVN/full/1800,/0/default.jpg","cosUrl":"https://1s-1257307499.cos.ap-beijing.myqcloud.com/vangogh/f76822781e4f7e2450107805f35aacd9.jpg","status":"success"}
{"imgUrl":"https://iiif.micr.io/kytiQ/full/1800,/0/default.jpg","cosUrl":"https://1s-1257307499.cos.ap-beijing.myqcloud.com/vangogh/ddf9188139f17c7988c6f89ffb415d29.jpg","status":"success"}
{"imgUrl":"https://iiif.micr.io/TznmE/full/1800,/0/default.jpg","cosUrl":"https://1s-1257307499.cos.ap-beijing.myqcloud.com/vangogh/ec3c2629abbe0f0ef6dd98e21387375c.jpg","status":"success"}
{"imgUrl":"https://iiif.micr.io/MoiLH/full/1800,/0/default.jpg","cosUrl":"https://1s-1257307499.cos.ap-beijing.myqcloud.com/vangogh/e10d6cf86d29c3295532bcd53bd5945b.jpg","status":"success"}
{"imgUrl":"https://iiif.micr.io/XwmhV/full/1800,/0/default.jpg","cosUrl":"https://1s-1257307499.cos.ap-beijing.myqcloud.com/vangogh/c40784eda540cd52e12d24546b98236b.jpg","status":"success"}
{"imgUrl":"https://iiif.micr.io/EoQoM/full/1800,/0/default.jpg","cosUrl":"https://1s-1257307499.cos.ap-beijing.myqcloud.com/vangogh/34c990c232b272f91bef08a47d025160.jpg","status":"success"}
{"imgUrl":"https://iiif.micr.io/xwWju/full/1800,/0/default.jpg","cosUrl":"https://1s-1257307499.cos.ap-beijing.myqcloud.com/vangogh/dd652baeaf12364f020c1b6b61e74eae.jpg","status":"success"}
{"imgUrl":"https://iiif.micr.io/uQbFZ/full/1800,/0/default.jpg","cosUrl":"https://1s-1257307499.cos.ap-beijing.myqcloud.com/vangogh/5b1f88728d8a6fbd08b4fe09c1f355c0.jpg","status":"success"}
{"imgUrl":"https://iiif.micr.io/DXJRe/full/1800,/0/default.jpg","cosUrl":"https://1s-1257307499.cos.ap-beijing.myqcloud.com/vangogh/99e7252a28df148f27696afd01c0668e.jpg","status":"success"}
{"imgUrl":"https://iiif.micr.io/HzxVW/full/1800,/0/default.jpg","cosUrl":"https://1s-1257307499.cos.ap-beijing.myqcloud.com/vangogh/85f2936b358986141e7c8fd68717c8b8.jpg","status":"success"}
{"imgUrl":"https://iiif.micr.io/TpfgP/full/1800,/0/default.jpg","cosUrl":"https://1s-1257307499.cos.ap-beijing.myqcloud.com/vangogh/1803617a20bc015cc3fc87a86d120836.jpg","status":"success"}
{"imgUrl":"https://iiif.micr.io/Umsyq/full/1800,/0/default.jpg","cosUrl":"https://1s-1257307499.cos.ap-beijing.myqcloud.com/vangogh/37ed652a2889b307538d7360f31163e9.jpg","status":"success"}
{"imgUrl":"https://iiif.micr.io/dJrtq/full/1800,/0/default.jpg","cosUrl":"https://1s-1257307499.cos.ap-beijing.myqcloud.com/vangogh/22cb278f0d33fc2d4f455b5099cc4e77.jpg","status":"success"}
{"imgUrl":"https://iiif.micr.io/OKyAO/full/1800,/0/default.jpg","cosUrl":"https://1s-1257307499.cos.ap-beijing.myqcloud.com/vangogh/68dd5dc5e4ccfc067fae3aaa8306848b.jpg","status":"success"}
{"imgUrl":"https://iiif.micr.io/pQORL/full/1800,/0/default.jpg","cosUrl":"https://1s-1257307499.cos.ap-beijing.myqcloud.com/vangogh/a1fe9900d59d5cb74c02e757dc48f1d1.jpg","status":"success"}
{"imgUrl":"https://iiif.micr.io/kTgwe/full/1800,/0/default.jpg","cosUrl":"https://1s-1257307499.cos.ap-beijing.myqcloud.com/vangogh/f15e44f2c6e674c1f8f34350b3883b24.jpg","status":"success"}
{"imgUrl":"https://iiif.micr.io/gcuxO/full/1800,/0/default.jpg","cosUrl":"https://1s-1257307499.cos.ap-beijing.myqcloud.com/vangogh/81fa2e67b7dd311f6570ae3ebabd0b11.jpg","status":"success"}
{"imgUrl":"https://iiif.micr.io/RBmDF/full/1800,/0/default.jpg","cosUrl":"https://1s-1257307499.cos.ap-beijing.myqcloud.com/vangogh/d975149ff45b5da1d2bef135c2c524b8.jpg","status":"success"}
{"imgUrl":"https://iiif.micr.io/aYjZs/full/1800,/0/default.jpg","cosUrl":"https://1s-1257307499.cos.ap-beijing.myqcloud.com/vangogh/b7693009e4469e6dc9f57a9bd1a445fa.jpg","status":"success"}
{"imgUrl":"https://iiif.micr.io/FqocZ/full/1800,/0/default.jpg","cosUrl":"https://1s-1257307499.cos.ap-beijing.myqcloud.com/vangogh/e1e081583206d1b27b3495ffdbf45369.jpg","status":"success"}
{"imgUrl":"https://iiif.micr.io/MTlvJ/full/1800,/0/default.jpg","cosUrl":"https://1s-1257307499.cos.ap-beijing.myqcloud.com/vangogh/b28a8fe4577a393d239bf0f8dca54e56.jpg","status":"success"}
{"imgUrl":"https://iiif.micr.io/JPkhs/full/1800,/0/default.jpg","cosUrl":"https://1s-1257307499.cos.ap-beijing.myqcloud.com/vangogh/037091b43230160a9b46dc905fee56eb.jpg","status":"success"}
{"imgUrl":"https://iiif.micr.io/CpPnL/full/1800,/0/default.jpg","cosUrl":"https://1s-1257307499.cos.ap-beijing.myqcloud.com/vangogh/a668c95e3fb9ce6cb6bdd64fd685e7c5.jpg","status":"success"}
{"imgUrl":"https://iiif.micr.io/OWGiO/full/1800,/0/default.jpg","cosUrl":"https://1s-1257307499.cos.ap-beijing.myqcloud.com/vangogh/f1c771dcc958f351ff1a08e0655dfaf6.jpg","status":"success"}
{"imgUrl":"https://iiif.micr.io/xWYcG/full/1800,/0/default.jpg","cosUrl":"https://1s-1257307499.cos.ap-beijing.myqcloud.com/vangogh/a8d143302873893eff513dde1dda23f9.jpg","status":"success"}
{"imgUrl":"https://iiif.micr.io/dGWrA/full/1800,/0/default.jpg","cosUrl":"https://1s-1257307499.cos.ap-beijing.myqcloud.com/vangogh/b6cec61fad45e3945312968946998ace.jpg","status":"success"}
{"imgUrl":"https://iiif.micr.io/cjJQe/full/1800,/0/default.jpg","cosUrl":"https://1s-1257307499.cos.ap-beijing.myqcloud.com/vangogh/12045aa281181247900f3f4324a9f0c8.jpg","status":"success"}
{"imgUrl":"https://iiif.micr.io/lwRJB/full/1800,/0/default.jpg","cosUrl":"https://1s-1257307499.cos.ap-beijing.myqcloud.com/vangogh/817814c13b5de57f6c7c30c577a1ce91.jpg","status":"success"}
{"imgUrl":"https://iiif.micr.io/EJgic/full/1800,/0/default.jpg","cosUrl":"https://1s-1257307499.cos.ap-beijing.myqcloud.com/vangogh/af3d72e61944c3fb4345b34d2a88f579.jpg","status":"success"}
{"imgUrl":"https://iiif.micr.io/jMmpC/full/1800,/0/default.jpg","cosUrl":"https://1s-1257307499.cos.ap-beijing.myqcloud.com/vangogh/328e322c89c548c7f4757eede5fa996d.jpg","status":"success"}
{"imgUrl":"https://iiif.micr.io/CzrRz/full/1800,/0/default.jpg","cosUrl":"https://1s-1257307499.cos.ap-beijing.myqcloud.com/vangogh/d488a348b50fa972cdbbd599be100750.jpg","status":"success"}
{"imgUrl":"https://iiif.micr.io/Swsxa/full/1800,/0/default.jpg","cosUrl":"https://1s-1257307499.cos.ap-beijing.myqcloud.com/vangogh/7b0b39f6911a19a84bd16cdd89381eeb.jpg","status":"success"}
{"imgUrl":"https://iiif.micr.io/InWiA/full/1800,/0/default.jpg","cosUrl":"https://1s-1257307499.cos.ap-beijing.myqcloud.com/vangogh/4648f856184d9cc615c71523fd1408c8.jpg","status":"success"}
{"imgUrl":"https://iiif.micr.io/pMtwg/full/1800,/0/default.jpg","cosUrl":"https://1s-1257307499.cos.ap-beijing.myqcloud.com/vangogh/558380421823b450ad755689c9818f6f.jpg","status":"success"}
{"imgUrl":"https://iiif.micr.io/PDlcs/full/1800,/0/default.jpg","cosUrl":"https://1s-1257307499.cos.ap-beijing.myqcloud.com/vangogh/c1e20cc839fb307f5a312916fcda0512.jpg","status":"success"}
{"imgUrl":"https://iiif.micr.io/VqZcp/full/1800,/0/default.jpg","cosUrl":"https://1s-1257307499.cos.ap-beijing.myqcloud.com/vangogh/c66b52e88f17fd4faeb5d58a71ce70fb.jpg","status":"success"}
{"imgUrl":"https://iiif.micr.io/TQzrj/full/1800,/0/default.jpg","cosUrl":"https://1s-1257307499.cos.ap-beijing.myqcloud.com/vangogh/ea7d82bb99d668b95b3d555d236e2524.jpg","status":"success"}
{"imgUrl":"https://iiif.micr.io/ZSDof/full/1800,/0/default.jpg","cosUrl":"https://1s-1257307499.cos.ap-beijing.myqcloud.com/vangogh/6407da2bf0e32c2dacc439214bef8fc2.jpg","status":"success"}
{"imgUrl":"https://iiif.micr.io/IKIZQ/full/1800,/0/default.jpg","cosUrl":"https://1s-1257307499.cos.ap-beijing.myqcloud.com/vangogh/8576bbef76c40a9f6565fa2a9a53a23d.jpg","status":"success"}
{"imgUrl":"https://iiif.micr.io/lixBA/full/1800,/0/default.jpg","cosUrl":"https://1s-1257307499.cos.ap-beijing.myqcloud.com/vangogh/ede6fe7cce7383a8509ae7c4707a4c7b.jpg","status":"success"}
{"imgUrl":"https://iiif.micr.io/uDGrx/full/1800,/0/default.jpg","cosUrl":"https://1s-1257307499.cos.ap-beijing.myqcloud.com/vangogh/269814e54a7d00471c58d95b8b39f3ce.jpg","status":"success"}
{"imgUrl":"https://iiif.micr.io/YeKWP/full/1800,/0/default.jpg","cosUrl":"https://1s-1257307499.cos.ap-beijing.myqcloud.com/vangogh/46c7134c840ccbfc90b3210840c305fa.jpg","status":"success"}
{"imgUrl":"https://iiif.micr.io/pMywK/full/1800,/0/default.jpg","cosUrl":"https://1s-1257307499.cos.ap-beijing.myqcloud.com/vangogh/aa24ce870c119bd92358ff07c4d49e3f.jpg","status":"success"}
{"imgUrl":"https://iiif.micr.io/JklTj/full/1800,/0/default.jpg","cosUrl":"https://1s-1257307499.cos.ap-beijing.myqcloud.com/vangogh/4b71ecbb8c857493c6da1a0522a7576e.jpg","status":"success"}
{"imgUrl":"https://iiif.micr.io/czMXZ/full/1800,/0/default.jpg","cosUrl":"https://1s-1257307499.cos.ap-beijing.myqcloud.com/vangogh/df1a154a4cb5a2a075a6d3eb4656c6de.jpg","status":"success"}
{"imgUrl":"https://iiif.micr.io/lGDWh/full/1800,/0/default.jpg","cosUrl":"https://1s-1257307499.cos.ap-beijing.myqcloud.com/vangogh/c4f049129af2ffdc8de192e07658e35d.jpg","status":"success"}
{"imgUrl":"https://iiif.micr.io/lDhqq/full/1800,/0/default.jpg","cosUrl":"https://1s-1257307499.cos.ap-beijing.myqcloud.com/vangogh/f41c2d6d20326748ff34af20018ce0bc.jpg","status":"success"}
{"imgUrl":"https://iiif.micr.io/aarce/full/1800,/0/default.jpg","cosUrl":"https://1s-1257307499.cos.ap-beijing.myqcloud.com/vangogh/8245b0173b8b83e9953773e5c71e5b47.jpg","status":"success"}
{"imgUrl":"https://iiif.micr.io/VFaaw/full/1800,/0/default.jpg","cosUrl":"https://1s-1257307499.cos.ap-beijing.myqcloud.com/vangogh/03d2064eaddf0f81cdbbcf3b3c3b135c.jpg","status":"success"}
{"imgUrl":"https://iiif.micr.io/dqDPV/full/1800,/0/default.jpg","cosUrl":"https://1s-1257307499.cos.ap-beijing.myqcloud.com/vangogh/b8dee471a22b2b3bf9c7a0149c0d68d8.jpg","status":"success"}
{"imgUrl":"https://iiif.micr.io/vYtZI/full/1800,/0/default.jpg","cosUrl":"https://1s-1257307499.cos.ap-beijing.myqcloud.com/vangogh/3dd3d843cc5e295a3a9bc5de3f96bc20.jpg","status":"success"}
{"imgUrl":"https://iiif.micr.io/TgeQu/full/1800,/0/default.jpg","cosUrl":"https://1s-1257307499.cos.ap-beijing.myqcloud.com/vangogh/b4c7e4ed08a08a791e27aed0c495b7a9.jpg","status":"success"}
{"imgUrl":"https://iiif.micr.io/QZkef/full/1800,/0/default.jpg","cosUrl":"https://1s-1257307499.cos.ap-beijing.myqcloud.com/vangogh/fb322b3f002e98436c11a1d736cc18aa.jpg","status":"success"}
{"imgUrl":"https://iiif.micr.io/nYNjU/full/1800,/0/default.jpg","cosUrl":"https://1s-1257307499.cos.ap-beijing.myqcloud.com/vangogh/7b6f4d160c1e30dafa6ea3b84e83f276.jpg","status":"success"}
{"imgUrl":"https://iiif.micr.io/AgSiZ/full/1800,/0/default.jpg","cosUrl":"https://1s-1257307499.cos.ap-beijing.myqcloud.com/vangogh/9aae4b915dcae9af2a36111670a354a5.jpg","status":"success"}
{"imgUrl":"https://iiif.micr.io/xvJPB/full/1800,/0/default.jpg","cosUrl":"https://1s-1257307499.cos.ap-beijing.myqcloud.com/vangogh/c8a9de9e8114bb1436a2ab66e73e6b05.jpg","status":"success"}
{"imgUrl":"https://iiif.micr.io/uaHTe/full/1800,/0/default.jpg","cosUrl":"https://1s-1257307499.cos.ap-beijing.myqcloud.com/vangogh/f2cf826b73c1b79a2a0d5af78ab94895.jpg","status":"success"}
{"imgUrl":"https://iiif.micr.io/vJTlJ/full/1800,/0/default.jpg","cosUrl":"https://1s-1257307499.cos.ap-beijing.myqcloud.com/vangogh/e261b06a438d1a629a7e819e30e3dd91.jpg","status":"success"}
{"imgUrl":"https://iiif.micr.io/MIOan/full/1800,/0/default.jpg","cosUrl":"https://1s-1257307499.cos.ap-beijing.myqcloud.com/vangogh/88c6bcf996ebad50a3d126bc5b3a7ed9.jpg","status":"success"}
{"imgUrl":"https://iiif.micr.io/YZFbJ/full/1800,/0/default.jpg","cosUrl":"https://1s-1257307499.cos.ap-beijing.myqcloud.com/vangogh/57fe6f33b77e35529344f2c852a550e2.jpg","status":"success"}
{"imgUrl":"https://iiif.micr.io/IooDI/full/1800,/0/default.jpg","cosUrl":"https://1s-1257307499.cos.ap-beijing.myqcloud.com/vangogh/65c0cbb55421b6d2d9821a1f6114f081.jpg","status":"success"}
{"imgUrl":"https://iiif.micr.io/tbxMu/full/1800,/0/default.jpg","cosUrl":"https://1s-1257307499.cos.ap-beijing.myqcloud.com/vangogh/180bb12d0db3b36d086f1cf7a40fef0d.jpg","status":"success"}
{"imgUrl":"https://iiif.micr.io/WwFOx/full/1800,/0/default.jpg","cosUrl":"https://1s-1257307499.cos.ap-beijing.myqcloud.com/vangogh/780a66c012e1d8480e084aa002a78f6c.jpg","status":"success"}
{"imgUrl":"https://iiif.micr.io/MWtox/full/1800,/0/default.jpg","cosUrl":"https://1s-1257307499.cos.ap-beijing.myqcloud.com/vangogh/840aa005076f7d652bc9e70fd2151180.jpg","status":"success"}
{"imgUrl":"https://iiif.micr.io/bDALv/full/1800,/0/default.jpg","cosUrl":"https://1s-1257307499.cos.ap-beijing.myqcloud.com/vangogh/4b530c945535daac4fcff5f522f2c3d0.jpg","status":"success"}
{"imgUrl":"https://iiif.micr.io/PZrYd/full/1800,/0/default.jpg","cosUrl":"https://1s-1257307499.cos.ap-beijing.myqcloud.com/vangogh/88dd95cf40b1dfce9ac85297a8446fce.jpg","status":"success"}
{"imgUrl":"https://iiif.micr.io/kxBjc/full/1800,/0/default.jpg","cosUrl":"https://1s-1257307499.cos.ap-beijing.myqcloud.com/vangogh/4eb07567e2e9a1e78c7136c943fc36fa.jpg","status":"success"}
{"imgUrl":"https://iiif.micr.io/TBWyy/full/1800,/0/default.jpg","cosUrl":"https://1s-1257307499.cos.ap-beijing.myqcloud.com/vangogh/9dea7416238c9b5cc273c725581547a9.jpg","status":"success"}
{"imgUrl":"https://iiif.micr.io/lloZB/full/1800,/0/default.jpg","cosUrl":"https://1s-1257307499.cos.ap-beijing.myqcloud.com/vangogh/df839d4d72491bb81fe790cfd60cda44.jpg","status":"success"}
{"imgUrl":"https://iiif.micr.io/Sanjh/full/1800,/0/default.jpg","cosUrl":"https://1s-1257307499.cos.ap-beijing.myqcloud.com/vangogh/c00ee051be26676c2ac6af4ae1887948.jpg","status":"success"}
{"imgUrl":"https://iiif.micr.io/ajOlp/full/1800,/0/default.jpg","cosUrl":"https://1s-1257307499.cos.ap-beijing.myqcloud.com/vangogh/4fa2a6476ebbdf83974e1c6886829d8e.jpg","status":"success"}
{"imgUrl":"https://iiif.micr.io/encVg/full/1800,/0/default.jpg","cosUrl":"https://1s-1257307499.cos.ap-beijing.myqcloud.com/vangogh/4aac760e72aa3f695e508d78cf8cde88.jpg","status":"success"}
{"imgUrl":"https://iiif.micr.io/DbxJG/full/1800,/0/default.jpg","cosUrl":"https://1s-1257307499.cos.ap-beijing.myqcloud.com/vangogh/e33f8bfc91175396f78eea8efecb5398.jpg","status":"success"}
{"imgUrl":"https://iiif.micr.io/SdnUN/full/1800,/0/default.jpg","cosUrl":"https://1s-1257307499.cos.ap-beijing.myqcloud.com/vangogh/49a0146cc72302ec512458651f7d2549.jpg","status":"success"}
{"imgUrl":"https://iiif.micr.io/cKCxC/full/1800,/0/default.jpg","cosUrl":"https://1s-1257307499.cos.ap-beijing.myqcloud.com/vangogh/cb29b43c7346885952cdcc80cfdc0334.jpg","status":"success"}
{"imgUrl":"https://iiif.micr.io/sJYJU/full/1800,/0/default.jpg","cosUrl":"https://1s-1257307499.cos.ap-beijing.myqcloud.com/vangogh/b135cb91395750ff7c7926e605cf5fb9.jpg","status":"success"}
{"imgUrl":"https://iiif.micr.io/tdtIH/full/1800,/0/default.jpg","cosUrl":"https://1s-1257307499.cos.ap-beijing.myqcloud.com/vangogh/d4d8490b30da88040e49d8b63d794ec5.jpg","status":"success"}
{"imgUrl":"https://iiif.micr.io/gXgYV/full/1800,/0/default.jpg","cosUrl":"https://1s-1257307499.cos.ap-beijing.myqcloud.com/vangogh/d37173e55399fa20440fa9f92da81925.jpg","status":"success"}
{"imgUrl":"https://iiif.micr.io/xdvPI/full/1800,/0/default.jpg","cosUrl":"https://1s-1257307499.cos.ap-beijing.myqcloud.com/vangogh/faf211a9f2ab265b9ecb3047f1e99123.jpg","status":"success"}
{"imgUrl":"https://iiif.micr.io/litFR/full/1800,/0/default.jpg","cosUrl":"https://1s-1257307499.cos.ap-beijing.myqcloud.com/vangogh/472012eed95b1d6aaa3dd841d31139f0.jpg","status":"success"}
{"imgUrl":"https://iiif.micr.io/RVLfX/full/1800,/0/default.jpg","cosUrl":"https://1s-1257307499.cos.ap-beijing.myqcloud.com/vangogh/434e0cab36e9a6af17560d64e8c0ceb2.jpg","status":"success"}
{"imgUrl":"https://iiif.micr.io/OHdQo/full/1800,/0/default.jpg","cosUrl":"https://1s-1257307499.cos.ap-beijing.myqcloud.com/vangogh/21a15d25bfda269c7fc6d26a7e318e70.jpg","status":"success"}
{"imgUrl":"https://iiif.micr.io/xLEHv/full/1800,/0/default.jpg","cosUrl":"https://1s-1257307499.cos.ap-beijing.myqcloud.com/vangogh/19ccc29e3f115f488c6f83412a2da713.jpg","status":"success"}
{"imgUrl":"https://iiif.micr.io/Anyoa/full/1800,/0/default.jpg","cosUrl":"https://1s-1257307499.cos.ap-beijing.myqcloud.com/vangogh/a1bd1fd90eceb1ef402ca082933ed9d6.jpg","status":"success"}
{"imgUrl":"https://iiif.micr.io/CYEkH/full/1800,/0/default.jpg","cosUrl":"https://1s-1257307499.cos.ap-beijing.myqcloud.com/vangogh/387bb519ef178ceb9de89aab8e48e789.jpg","status":"success"}
{"imgUrl":"https://iiif.micr.io/KLBJY/full/1800,/0/default.jpg","cosUrl":"https://1s-1257307499.cos.ap-beijing.myqcloud.com/vangogh/cc0e6f321b5d2437fdbd8a92043298b2.jpg","status":"success"}
{"imgUrl":"https://iiif.micr.io/LlFKs/full/1800,/0/default.jpg","cosUrl":"https://1s-1257307499.cos.ap-beijing.myqcloud.com/vangogh/676e4d1ac63ef9bf1f0f7694f9406f4c.jpg","status":"success"}
{"imgUrl":"https://iiif.micr.io/rHgmz/full/1800,/0/default.jpg","cosUrl":"https://1s-1257307499.cos.ap-beijing.myqcloud.com/vangogh/b0a3fa7cd4bdbddcac6a1a6895088d5e.jpg","status":"success"}
{"imgUrl":"https://iiif.micr.io/taMPU/full/1800,/0/default.jpg","cosUrl":"https://1s-1257307499.cos.ap-beijing.myqcloud.com/vangogh/ffe763283d35e62c2d232ad2d009181c.jpg","status":"success"}
{"imgUrl":"https://iiif.micr.io/TjQrb/full/1800,/0/default.jpg","cosUrl":"https://1s-1257307499.cos.ap-beijing.myqcloud.com/vangogh/28ea1677cecbab15408155c516d6efbf.jpg","status":"success"}
