{"imgSrc":"https://images-assets.nasa.gov/image/2SC-lowering-3/2SC-lowering-3~medium.jpg","title":"","desc":"","status":"fail","errMsg":"unable to verify the first certificate; if the root CA is installed locally, try running Node.js with --use-system-ca"}
{"imgSrc":"https://images-assets.nasa.gov/image/2SC-lowering-1/2SC-lowering-1~small.jpg","title":"","desc":"","status":"fail","errMsg":"unable to verify the first certificate; if the root CA is installed locally, try running Node.js with --use-system-ca"}
{"imgSrc":"https://images-assets.nasa.gov/image/2SC-chamber-4/2SC-chamber-4~medium.jpg","title":"","desc":"","status":"fail","errMsg":"unable to verify the first certificate; if the root CA is installed locally, try running Node.js with --use-system-ca"}
{"imgSrc":"https://images-assets.nasa.gov/image/KSC-20250717-PH-KLS01_0031/KSC-20250717-PH-KLS01_0031~medium.jpg","title":"","desc":"","status":"fail","errMsg":"unable to verify the first certificate; if the root CA is installed locally, try running Node.js with --use-system-ca"}
{"imgSrc":"https://images-assets.nasa.gov/image/KSC-20250717-PH-KLS01_0071/KSC-20250717-PH-KLS01_0071~medium.jpg","title":"","desc":"","status":"fail","errMsg":"unable to verify the first certificate; if the root CA is installed locally, try running Node.js with --use-system-ca"}
{"imgSrc":"https://images-assets.nasa.gov/image/KSC-20250717-PH-KLS01_0053/KSC-20250717-PH-KLS01_0053~medium.jpg","title":"","desc":"","status":"fail","errMsg":"unable to verify the first certificate; if the root CA is installed locally, try running Node.js with --use-system-ca"}
{"imgSrc":"https://images-assets.nasa.gov/image/KSC-20250717-PH-KLS01_0010/KSC-20250717-PH-KLS01_0010~medium.jpg","title":"","desc":"","status":"fail","errMsg":"unable to verify the first certificate; if the root CA is installed locally, try running Node.js with --use-system-ca"}
{"imgSrc":"https://images-assets.nasa.gov/image/KSC-20250717-PH-KLS01_0063/KSC-20250717-PH-KLS01_0063~medium.jpg","title":"","desc":"","status":"fail","errMsg":"unable to verify the first certificate; if the root CA is installed locally, try running Node.js with --use-system-ca"}
{"imgSrc":"https://images-assets.nasa.gov/image/2SC-lowering-3/2SC-lowering-3~medium.jpg","title":"","desc":"","status":"fail","errMsg":"unable to verify the first certificate; if the root CA is installed locally, try running Node.js with --use-system-ca"}
{"imgSrc":"https://images-assets.nasa.gov/image/2SC-lowering-1/2SC-lowering-1~small.jpg","title":"","desc":"","status":"fail","errMsg":"unable to verify the first certificate; if the root CA is installed locally, try running Node.js with --use-system-ca"}
{"imgSrc":"https://images-assets.nasa.gov/image/2SC-chamber-4/2SC-chamber-4~medium.jpg","title":"","desc":"","status":"fail","errMsg":"unable to verify the first certificate; if the root CA is installed locally, try running Node.js with --use-system-ca"}
{"imgSrc":"https://images-assets.nasa.gov/image/KSC-20250717-PH-KLS01_0031/KSC-20250717-PH-KLS01_0031~medium.jpg","title":"","desc":"","status":"fail","errMsg":"unable to verify the first certificate; if the root CA is installed locally, try running Node.js with --use-system-ca"}
{"imgSrc":"https://images-assets.nasa.gov/image/KSC-20250717-PH-KLS01_0071/KSC-20250717-PH-KLS01_0071~medium.jpg","title":"","desc":"","status":"fail","errMsg":"unable to verify the first certificate; if the root CA is installed locally, try running Node.js with --use-system-ca"}
{"imgSrc":"https://images-assets.nasa.gov/image/KSC-20250717-PH-KLS01_0053/KSC-20250717-PH-KLS01_0053~medium.jpg","title":"","desc":"","status":"fail","errMsg":"unable to verify the first certificate; if the root CA is installed locally, try running Node.js with --use-system-ca"}
{"imgSrc":"https://images-assets.nasa.gov/image/KSC-20250717-PH-KLS01_0010/KSC-20250717-PH-KLS01_0010~medium.jpg","title":"","desc":"","status":"fail","errMsg":"unable to verify the first certificate; if the root CA is installed locally, try running Node.js with --use-system-ca"}
{"imgSrc":"https://images-assets.nasa.gov/image/KSC-20250717-PH-KLS01_0063/KSC-20250717-PH-KLS01_0063~medium.jpg","title":"","desc":"","status":"fail","errMsg":"unable to verify the first certificate; if the root CA is installed locally, try running Node.js with --use-system-ca"}
{"imgSrc":"https://images-assets.nasa.gov/image/KSC-20250717-PH-KLS01_0056/KSC-20250717-PH-KLS01_0056~medium.jpg","title":"","desc":"","status":"fail","errMsg":"unable to verify the first certificate; if the root CA is installed locally, try running Node.js with --use-system-ca"}
{"imgSrc":"https://images-assets.nasa.gov/image/KSC-20250717-PH-KLS01_0024/KSC-20250717-PH-KLS01_0024~medium.jpg","title":"","desc":"","status":"fail","errMsg":"unable to verify the first certificate; if the root CA is installed locally, try running Node.js with --use-system-ca"}
{"imgSrc":"https://images-assets.nasa.gov/image/KSC-20250717-PH-KLS01_0049/KSC-20250717-PH-KLS01_0049~medium.jpg","title":"","desc":"","status":"fail","errMsg":"unable to verify the first certificate; if the root CA is installed locally, try running Node.js with --use-system-ca"}
{"imgSrc":"https://images-assets.nasa.gov/image/KSC-20250717-PH-KLS01_0057/KSC-20250717-PH-KLS01_0057~medium.jpg","title":"","desc":"","status":"fail","errMsg":"unable to verify the first certificate; if the root CA is installed locally, try running Node.js with --use-system-ca"}
{"imgSrc":"https://images-assets.nasa.gov/image/KSC-20250717-PH-KLS01_0080/KSC-20250717-PH-KLS01_0080~medium.jpg","title":"","desc":"","status":"fail","errMsg":"unable to verify the first certificate; if the root CA is installed locally, try running Node.js with --use-system-ca"}
{"imgSrc":"https://images-assets.nasa.gov/image/2SC-lowering-2/2SC-lowering-2~medium.jpg","title":"","desc":"","status":"fail","errMsg":"unable to verify the first certificate; if the root CA is installed locally, try running Node.js with --use-system-ca"}
{"imgSrc":"https://images-assets.nasa.gov/image/AFRC2025-0112-06/AFRC2025-0112-06~medium.jpg","title":"","desc":"","status":"fail","errMsg":"unable to verify the first certificate; if the root CA is installed locally, try running Node.js with --use-system-ca"}
{"imgSrc":"https://images-assets.nasa.gov/image/AFRC2025-0112-01/AFRC2025-0112-01~medium.jpg","title":"","desc":"","status":"fail","errMsg":"unable to verify the first certificate; if the root CA is installed locally, try running Node.js with --use-system-ca"}
{"imgSrc":"https://images-assets.nasa.gov/image/AFRC2025-0112-07/AFRC2025-0112-07~medium.jpg","title":"","desc":"","status":"fail","errMsg":"unable to verify the first certificate; if the root CA is installed locally, try running Node.js with --use-system-ca"}
{"imgSrc":"https://images-assets.nasa.gov/image/AFRC2025-0112-04/AFRC2025-0112-04~medium.jpg","title":"","desc":"","status":"fail","errMsg":"unable to verify the first certificate; if the root CA is installed locally, try running Node.js with --use-system-ca"}
{"imgSrc":"https://images-assets.nasa.gov/image/iss073e0285020/iss073e0285020~medium.jpg","title":"","desc":"","status":"fail","errMsg":"unable to verify the first certificate; if the root CA is installed locally, try running Node.js with --use-system-ca"}
{"imgSrc":"https://images-assets.nasa.gov/image/iss073e0284440/iss073e0284440~medium.jpg","title":"","desc":"","status":"fail","errMsg":"unable to verify the first certificate; if the root CA is installed locally, try running Node.js with --use-system-ca"}
{"imgSrc":"https://images-assets.nasa.gov/image/jsc2025e064543/jsc2025e064543~medium.jpg","title":"","desc":"","status":"fail","errMsg":"unable to verify the first certificate; if the root CA is installed locally, try running Node.js with --use-system-ca"}
{"imgSrc":"https://images-assets.nasa.gov/image/jsc2025e064546/jsc2025e064546~medium.jpg","title":"","desc":"","status":"fail","errMsg":"unable to verify the first certificate; if the root CA is installed locally, try running Node.js with --use-system-ca"}
{"imgSrc":"https://images-assets.nasa.gov/image/jsc2025e064544/jsc2025e064544~medium.jpg","title":"","desc":"","status":"fail","errMsg":"unable to verify the first certificate; if the root CA is installed locally, try running Node.js with --use-system-ca"}
{"imgSrc":"https://images-assets.nasa.gov/image/jsc2025e064549/jsc2025e064549~medium.jpg","title":"","desc":"","status":"fail","errMsg":"unable to verify the first certificate; if the root CA is installed locally, try running Node.js with --use-system-ca"}
{"imgSrc":"https://images-assets.nasa.gov/image/jsc2025e064542/jsc2025e064542~medium.jpg","title":"","desc":"","status":"fail","errMsg":"unable to verify the first certificate; if the root CA is installed locally, try running Node.js with --use-system-ca"}
{"imgSrc":"https://images-assets.nasa.gov/image/jsc2025e064551/jsc2025e064551~medium.jpg","title":"","desc":"","status":"fail","errMsg":"unable to verify the first certificate; if the root CA is installed locally, try running Node.js with --use-system-ca"}
{"imgSrc":"https://images-assets.nasa.gov/image/jsc2025e064550/jsc2025e064550~medium.jpg","title":"","desc":"","status":"fail","errMsg":"unable to verify the first certificate; if the root CA is installed locally, try running Node.js with --use-system-ca"}
{"imgSrc":"https://images-assets.nasa.gov/image/jsc2025e064545/jsc2025e064545~medium.jpg","title":"","desc":"","status":"fail","errMsg":"unable to verify the first certificate; if the root CA is installed locally, try running Node.js with --use-system-ca"}
{"imgSrc":"https://images-assets.nasa.gov/image/jsc2025e064548/jsc2025e064548~medium.jpg","title":"","desc":"","status":"fail","errMsg":"unable to verify the first certificate; if the root CA is installed locally, try running Node.js with --use-system-ca"}
{"imgSrc":"https://images-assets.nasa.gov/image/jsc2025e064547/jsc2025e064547~medium.jpg","title":"","desc":"","status":"fail","errMsg":"unable to verify the first certificate; if the root CA is installed locally, try running Node.js with --use-system-ca"}
{"imgSrc":"https://images-assets.nasa.gov/image/jsc2025e064538/jsc2025e064538~medium.jpg","title":"","desc":"","status":"fail","errMsg":"unable to verify the first certificate; if the root CA is installed locally, try running Node.js with --use-system-ca"}
{"imgSrc":"https://images-assets.nasa.gov/image/jsc2025e064539/jsc2025e064539~medium.jpg","title":"","desc":"","status":"fail","errMsg":"unable to verify the first certificate; if the root CA is installed locally, try running Node.js with --use-system-ca"}
{"imgSrc":"https://images-assets.nasa.gov/image/jsc2025e064536/jsc2025e064536~medium.jpg","title":"","desc":"","status":"fail","errMsg":"unable to verify the first certificate; if the root CA is installed locally, try running Node.js with --use-system-ca"}
{"imgSrc":"https://images-assets.nasa.gov/image/jsc2025e064532/jsc2025e064532~medium.jpg","title":"","desc":"","status":"fail","errMsg":"unable to verify the first certificate; if the root CA is installed locally, try running Node.js with --use-system-ca"}
{"imgSrc":"https://images-assets.nasa.gov/image/jsc2025e064535/jsc2025e064535~medium.jpg","title":"","desc":"","status":"fail","errMsg":"unable to verify the first certificate; if the root CA is installed locally, try running Node.js with --use-system-ca"}
{"imgSrc":"https://images-assets.nasa.gov/image/jsc2025e064537/jsc2025e064537~medium.jpg","title":"","desc":"","status":"fail","errMsg":"unable to verify the first certificate; if the root CA is installed locally, try running Node.js with --use-system-ca"}
{"imgSrc":"https://images-assets.nasa.gov/image/jsc2025e064541/jsc2025e064541~medium.jpg","title":"","desc":"","status":"fail","errMsg":"unable to verify the first certificate; if the root CA is installed locally, try running Node.js with --use-system-ca"}
{"imgSrc":"https://images-assets.nasa.gov/image/jsc2025e064533/jsc2025e064533~medium.jpg","title":"","desc":"","status":"fail","errMsg":"unable to verify the first certificate; if the root CA is installed locally, try running Node.js with --use-system-ca"}
{"imgSrc":"https://images-assets.nasa.gov/image/jsc2025e064534/jsc2025e064534~medium.jpg","title":"","desc":"","status":"fail","errMsg":"unable to verify the first certificate; if the root CA is installed locally, try running Node.js with --use-system-ca"}
{"imgSrc":"https://images-assets.nasa.gov/image/jsc2025e064540/jsc2025e064540~medium.jpg","title":"","desc":"","status":"fail","errMsg":"unable to verify the first certificate; if the root CA is installed locally, try running Node.js with --use-system-ca"}
{"imgSrc":"https://images-assets.nasa.gov/image/jsc2025e064529/jsc2025e064529~medium.jpg","title":"","desc":"","status":"fail","errMsg":"unable to verify the first certificate; if the root CA is installed locally, try running Node.js with --use-system-ca"}
{"imgSrc":"https://images-assets.nasa.gov/image/jsc2025e064530/jsc2025e064530~medium.jpg","title":"","desc":"","status":"fail","errMsg":"unable to verify the first certificate; if the root CA is installed locally, try running Node.js with --use-system-ca"}
{"imgSrc":"https://images-assets.nasa.gov/image/jsc2025e064524/jsc2025e064524~medium.jpg","title":"","desc":"","status":"fail","errMsg":"unable to verify the first certificate; if the root CA is installed locally, try running Node.js with --use-system-ca"}
{"imgSrc":"https://images-assets.nasa.gov/image/jsc2025e064523/jsc2025e064523~medium.jpg","title":"","desc":"","status":"fail","errMsg":"unable to verify the first certificate; if the root CA is installed locally, try running Node.js with --use-system-ca"}
{"imgSrc":"https://images-assets.nasa.gov/image/jsc2025e064525/jsc2025e064525~medium.jpg","title":"","desc":"","status":"fail","errMsg":"unable to verify the first certificate; if the root CA is installed locally, try running Node.js with --use-system-ca"}
{"imgSrc":"https://images-assets.nasa.gov/image/jsc2025e064528/jsc2025e064528~medium.jpg","title":"","desc":"","status":"fail","errMsg":"unable to verify the first certificate; if the root CA is installed locally, try running Node.js with --use-system-ca"}
{"imgSrc":"https://images-assets.nasa.gov/image/jsc2025e064527/jsc2025e064527~medium.jpg","title":"","desc":"","status":"fail","errMsg":"unable to verify the first certificate; if the root CA is installed locally, try running Node.js with --use-system-ca"}
{"imgSrc":"https://images-assets.nasa.gov/image/jsc2025e064526/jsc2025e064526~medium.jpg","title":"","desc":"","status":"fail","errMsg":"unable to verify the first certificate; if the root CA is installed locally, try running Node.js with --use-system-ca"}
{"imgSrc":"https://images-assets.nasa.gov/image/jsc2025e064531/jsc2025e064531~medium.jpg","title":"","desc":"","status":"fail","errMsg":"unable to verify the first certificate; if the root CA is installed locally, try running Node.js with --use-system-ca"}
{"imgSrc":"https://images-assets.nasa.gov/image/iss071e522123/iss071e522123~medium.jpg","title":"","desc":"","status":"fail","errMsg":"unable to verify the first certificate; if the root CA is installed locally, try running Node.js with --use-system-ca"}
{"imgSrc":"https://images-assets.nasa.gov/image/jsc2024e008542/jsc2024e008542~medium.jpg","title":"","desc":"","status":"fail","errMsg":"unable to verify the first certificate; if the root CA is installed locally, try running Node.js with --use-system-ca"}
{"imgSrc":"https://images-assets.nasa.gov/image/iss073e0272502/iss073e0272502~medium.jpg","title":"","desc":"","status":"fail","errMsg":"unable to verify the first certificate; if the root CA is installed locally, try running Node.js with --use-system-ca"}
{"imgSrc":"https://images-assets.nasa.gov/image/iss073e0257845/iss073e0257845~medium.jpg","title":"","desc":"","status":"fail","errMsg":"unable to verify the first certificate; if the root CA is installed locally, try running Node.js with --use-system-ca"}
{"imgSrc":"https://images-assets.nasa.gov/image/iss073e0257848/iss073e0257848~medium.jpg","title":"","desc":"","status":"fail","errMsg":"unable to verify the first certificate; if the root CA is installed locally, try running Node.js with --use-system-ca"}
{"imgSrc":"https://images-assets.nasa.gov/image/iss073e0257842/iss073e0257842~medium.jpg","title":"","desc":"","status":"fail","errMsg":"unable to verify the first certificate; if the root CA is installed locally, try running Node.js with --use-system-ca"}
{"imgSrc":"https://images-assets.nasa.gov/image/iss073e0284372/iss073e0284372~medium.jpg","title":"","desc":"","status":"fail","errMsg":"unable to verify the first certificate; if the root CA is installed locally, try running Node.js with --use-system-ca"}
{"imgSrc":"https://images-assets.nasa.gov/image/iss073e0273067/iss073e0273067~medium.jpg","title":"","desc":"","status":"fail","errMsg":"unable to verify the first certificate; if the root CA is installed locally, try running Node.js with --use-system-ca"}
{"imgSrc":"https://images-assets.nasa.gov/image/iss073e0285002/iss073e0285002~medium.jpg","title":"","desc":"","status":"fail","errMsg":"unable to verify the first certificate; if the root CA is installed locally, try running Node.js with --use-system-ca"}
{"imgSrc":"https://images-assets.nasa.gov/image/jsc2025e060300/jsc2025e060300~medium.jpg","title":"","desc":"","status":"fail","errMsg":"unable to verify the first certificate; if the root CA is installed locally, try running Node.js with --use-system-ca"}
{"imgSrc":"https://images-assets.nasa.gov/image/jsc2025e060298/jsc2025e060298~medium.jpg","title":"","desc":"","status":"fail","errMsg":"unable to verify the first certificate; if the root CA is installed locally, try running Node.js with --use-system-ca"}
{"imgSrc":"https://images-assets.nasa.gov/image/jsc2025e059518/jsc2025e059518~small.jpg","title":"","desc":"","status":"fail","errMsg":"unable to verify the first certificate; if the root CA is installed locally, try running Node.js with --use-system-ca"}
{"imgSrc":"https://images-assets.nasa.gov/image/jsc2024e071692/jsc2024e071692~medium.jpg","title":"","desc":"","status":"fail","errMsg":"unable to verify the first certificate; if the root CA is installed locally, try running Node.js with --use-system-ca"}
{"imgSrc":"https://images-assets.nasa.gov/image/iss073e0252485/iss073e0252485~medium.jpg","title":"","desc":"","status":"fail","errMsg":"unable to verify the first certificate; if the root CA is installed locally, try running Node.js with --use-system-ca"}
{"imgSrc":"https://images-assets.nasa.gov/image/iss073e0252954/iss073e0252954~medium.jpg","title":"","desc":"","status":"fail","errMsg":"unable to verify the first certificate; if the root CA is installed locally, try running Node.js with --use-system-ca"}
