{"imgSrc":"https://images-assets.nasa.gov/image/2SC-lowering-3/2SC-lowering-3~medium.jpg","title":"","desc":"","cosUrl":"https://1s-1257307499.cos.ap-beijing.myqcloud.com/nasa/2SC-lowering-3~medium.jpg.jpg","status":"success"}
{"imgSrc":"https://images-assets.nasa.gov/image/2SC-lowering-1/2SC-lowering-1~small.jpg","title":"","desc":"","cosUrl":"https://1s-1257307499.cos.ap-beijing.myqcloud.com/nasa/2SC-lowering-1~small.jpg.jpg","status":"success"}
{"imgSrc":"https://images-assets.nasa.gov/image/2SC-chamber-4/2SC-chamber-4~medium.jpg","title":"","desc":"","cosUrl":"https://1s-1257307499.cos.ap-beijing.myqcloud.com/nasa/2SC-chamber-4~medium.jpg.jpg","status":"success"}
{"imgSrc":"https://images-assets.nasa.gov/image/KSC-20250717-PH-KLS01_0031/KSC-20250717-PH-KLS01_0031~medium.jpg","title":"","desc":"","cosUrl":"https://1s-1257307499.cos.ap-beijing.myqcloud.com/nasa/KSC-20250717-PH-KLS01_0031~medium.jpg.jpg","status":"success"}
{"imgSrc":"https://images-assets.nasa.gov/image/KSC-20250717-PH-KLS01_0071/KSC-20250717-PH-KLS01_0071~medium.jpg","title":"","desc":"","cosUrl":"https://1s-1257307499.cos.ap-beijing.myqcloud.com/nasa/KSC-20250717-PH-KLS01_0071~medium.jpg.jpg","status":"success"}
{"imgSrc":"https://images-assets.nasa.gov/image/KSC-20250717-PH-KLS01_0053/KSC-20250717-PH-KLS01_0053~medium.jpg","title":"","desc":"","cosUrl":"https://1s-1257307499.cos.ap-beijing.myqcloud.com/nasa/KSC-20250717-PH-KLS01_0053~medium.jpg.jpg","status":"success"}
{"imgSrc":"https://images-assets.nasa.gov/image/KSC-20250717-PH-KLS01_0010/KSC-20250717-PH-KLS01_0010~medium.jpg","title":"","desc":"","cosUrl":"https://1s-1257307499.cos.ap-beijing.myqcloud.com/nasa/KSC-20250717-PH-KLS01_0010~medium.jpg.jpg","status":"success"}
{"imgSrc":"https://images-assets.nasa.gov/image/KSC-20250717-PH-KLS01_0063/KSC-20250717-PH-KLS01_0063~medium.jpg","title":"","desc":"","cosUrl":"https://1s-1257307499.cos.ap-beijing.myqcloud.com/nasa/KSC-20250717-PH-KLS01_0063~medium.jpg.jpg","status":"success"}
{"imgSrc":"https://images-assets.nasa.gov/image/KSC-20250717-PH-KLS01_0056/KSC-20250717-PH-KLS01_0056~medium.jpg","title":"","desc":"","cosUrl":"https://1s-1257307499.cos.ap-beijing.myqcloud.com/nasa/KSC-20250717-PH-KLS01_0056~medium.jpg.jpg","status":"success"}
{"imgSrc":"https://images-assets.nasa.gov/image/KSC-20250717-PH-KLS01_0024/KSC-20250717-PH-KLS01_0024~medium.jpg","title":"","desc":"","cosUrl":"https://1s-1257307499.cos.ap-beijing.myqcloud.com/nasa/KSC-20250717-PH-KLS01_0024~medium.jpg.jpg","status":"success"}
{"imgSrc":"https://images-assets.nasa.gov/image/KSC-20250717-PH-KLS01_0049/KSC-20250717-PH-KLS01_0049~medium.jpg","title":"","desc":"","cosUrl":"https://1s-1257307499.cos.ap-beijing.myqcloud.com/nasa/KSC-20250717-PH-KLS01_0049~medium.jpg.jpg","status":"success"}
{"imgSrc":"https://images-assets.nasa.gov/image/KSC-20250717-PH-KLS01_0057/KSC-20250717-PH-KLS01_0057~medium.jpg","title":"","desc":"","cosUrl":"https://1s-1257307499.cos.ap-beijing.myqcloud.com/nasa/KSC-20250717-PH-KLS01_0057~medium.jpg.jpg","status":"success"}
{"imgSrc":"https://images-assets.nasa.gov/image/KSC-20250717-PH-KLS01_0080/KSC-20250717-PH-KLS01_0080~medium.jpg","title":"","desc":"","cosUrl":"https://1s-1257307499.cos.ap-beijing.myqcloud.com/nasa/KSC-20250717-PH-KLS01_0080~medium.jpg.jpg","status":"success"}
{"imgSrc":"https://images-assets.nasa.gov/image/2SC-lowering-2/2SC-lowering-2~medium.jpg","title":"","desc":"","cosUrl":"https://1s-1257307499.cos.ap-beijing.myqcloud.com/nasa/2SC-lowering-2~medium.jpg.jpg","status":"success"}
{"imgSrc":"https://images-assets.nasa.gov/image/AFRC2025-0112-06/AFRC2025-0112-06~medium.jpg","title":"","desc":"","cosUrl":"https://1s-1257307499.cos.ap-beijing.myqcloud.com/nasa/AFRC2025-0112-06~medium.jpg.jpg","status":"success"}
{"imgSrc":"https://images-assets.nasa.gov/image/AFRC2025-0112-01/AFRC2025-0112-01~medium.jpg","title":"","desc":"","cosUrl":"https://1s-1257307499.cos.ap-beijing.myqcloud.com/nasa/AFRC2025-0112-01~medium.jpg.jpg","status":"success"}
{"imgSrc":"https://images-assets.nasa.gov/image/AFRC2025-0112-07/AFRC2025-0112-07~medium.jpg","title":"","desc":"","cosUrl":"https://1s-1257307499.cos.ap-beijing.myqcloud.com/nasa/AFRC2025-0112-07~medium.jpg.jpg","status":"success"}
{"imgSrc":"https://images-assets.nasa.gov/image/AFRC2025-0112-04/AFRC2025-0112-04~medium.jpg","title":"","desc":"","cosUrl":"https://1s-1257307499.cos.ap-beijing.myqcloud.com/nasa/AFRC2025-0112-04~medium.jpg.jpg","status":"success"}
{"imgSrc":"https://images-assets.nasa.gov/image/iss073e0285020/iss073e0285020~medium.jpg","title":"","desc":"","cosUrl":"https://1s-1257307499.cos.ap-beijing.myqcloud.com/nasa/iss073e0285020~medium.jpg.jpg","status":"success"}
{"imgSrc":"https://images-assets.nasa.gov/image/iss073e0284440/iss073e0284440~medium.jpg","title":"","desc":"","cosUrl":"https://1s-1257307499.cos.ap-beijing.myqcloud.com/nasa/iss073e0284440~medium.jpg.jpg","status":"success"}
{"imgSrc":"https://images-assets.nasa.gov/image/jsc2025e064543/jsc2025e064543~medium.jpg","title":"","desc":"","cosUrl":"https://1s-1257307499.cos.ap-beijing.myqcloud.com/nasa/jsc2025e064543~medium.jpg.jpg","status":"success"}
{"imgSrc":"https://images-assets.nasa.gov/image/jsc2025e064546/jsc2025e064546~medium.jpg","title":"","desc":"","cosUrl":"https://1s-1257307499.cos.ap-beijing.myqcloud.com/nasa/jsc2025e064546~medium.jpg.jpg","status":"success"}
{"imgSrc":"https://images-assets.nasa.gov/image/jsc2025e064544/jsc2025e064544~medium.jpg","title":"","desc":"","cosUrl":"https://1s-1257307499.cos.ap-beijing.myqcloud.com/nasa/jsc2025e064544~medium.jpg.jpg","status":"success"}
{"imgSrc":"https://images-assets.nasa.gov/image/jsc2025e064549/jsc2025e064549~medium.jpg","title":"","desc":"","cosUrl":"https://1s-1257307499.cos.ap-beijing.myqcloud.com/nasa/jsc2025e064549~medium.jpg.jpg","status":"success"}
{"imgSrc":"https://images-assets.nasa.gov/image/jsc2025e064542/jsc2025e064542~medium.jpg","title":"","desc":"","cosUrl":"https://1s-1257307499.cos.ap-beijing.myqcloud.com/nasa/jsc2025e064542~medium.jpg.jpg","status":"success"}
{"imgSrc":"https://images-assets.nasa.gov/image/jsc2025e064551/jsc2025e064551~medium.jpg","title":"","desc":"","cosUrl":"https://1s-1257307499.cos.ap-beijing.myqcloud.com/nasa/jsc2025e064551~medium.jpg.jpg","status":"success"}
{"imgSrc":"https://images-assets.nasa.gov/image/jsc2025e064550/jsc2025e064550~medium.jpg","title":"","desc":"","cosUrl":"https://1s-1257307499.cos.ap-beijing.myqcloud.com/nasa/jsc2025e064550~medium.jpg.jpg","status":"success"}
{"imgSrc":"https://images-assets.nasa.gov/image/jsc2025e064545/jsc2025e064545~medium.jpg","title":"","desc":"","cosUrl":"https://1s-1257307499.cos.ap-beijing.myqcloud.com/nasa/jsc2025e064545~medium.jpg.jpg","status":"success"}
{"imgSrc":"https://images-assets.nasa.gov/image/jsc2025e064548/jsc2025e064548~medium.jpg","title":"","desc":"","cosUrl":"https://1s-1257307499.cos.ap-beijing.myqcloud.com/nasa/jsc2025e064548~medium.jpg.jpg","status":"success"}
{"imgSrc":"https://images-assets.nasa.gov/image/jsc2025e064547/jsc2025e064547~medium.jpg","title":"","desc":"","cosUrl":"https://1s-1257307499.cos.ap-beijing.myqcloud.com/nasa/jsc2025e064547~medium.jpg.jpg","status":"success"}
{"imgSrc":"https://images-assets.nasa.gov/image/jsc2025e064538/jsc2025e064538~medium.jpg","title":"","desc":"","cosUrl":"https://1s-1257307499.cos.ap-beijing.myqcloud.com/nasa/jsc2025e064538~medium.jpg.jpg","status":"success"}
{"imgSrc":"https://images-assets.nasa.gov/image/jsc2025e064539/jsc2025e064539~medium.jpg","title":"","desc":"","cosUrl":"https://1s-1257307499.cos.ap-beijing.myqcloud.com/nasa/jsc2025e064539~medium.jpg.jpg","status":"success"}
{"imgSrc":"https://images-assets.nasa.gov/image/jsc2025e064536/jsc2025e064536~medium.jpg","title":"","desc":"","cosUrl":"https://1s-1257307499.cos.ap-beijing.myqcloud.com/nasa/jsc2025e064536~medium.jpg.jpg","status":"success"}
{"imgSrc":"https://images-assets.nasa.gov/image/jsc2025e064532/jsc2025e064532~medium.jpg","title":"","desc":"","cosUrl":"https://1s-1257307499.cos.ap-beijing.myqcloud.com/nasa/jsc2025e064532~medium.jpg.jpg","status":"success"}
{"imgSrc":"https://images-assets.nasa.gov/image/jsc2025e064535/jsc2025e064535~medium.jpg","title":"","desc":"","cosUrl":"https://1s-1257307499.cos.ap-beijing.myqcloud.com/nasa/jsc2025e064535~medium.jpg.jpg","status":"success"}
{"imgSrc":"https://images-assets.nasa.gov/image/jsc2025e064537/jsc2025e064537~medium.jpg","title":"","desc":"","cosUrl":"https://1s-1257307499.cos.ap-beijing.myqcloud.com/nasa/jsc2025e064537~medium.jpg.jpg","status":"success"}
{"imgSrc":"https://images-assets.nasa.gov/image/jsc2025e064541/jsc2025e064541~medium.jpg","title":"","desc":"","cosUrl":"https://1s-1257307499.cos.ap-beijing.myqcloud.com/nasa/jsc2025e064541~medium.jpg.jpg","status":"success"}
{"imgSrc":"https://images-assets.nasa.gov/image/jsc2025e064533/jsc2025e064533~medium.jpg","title":"","desc":"","cosUrl":"https://1s-1257307499.cos.ap-beijing.myqcloud.com/nasa/jsc2025e064533~medium.jpg.jpg","status":"success"}
{"imgSrc":"https://images-assets.nasa.gov/image/jsc2025e064534/jsc2025e064534~medium.jpg","title":"","desc":"","cosUrl":"https://1s-1257307499.cos.ap-beijing.myqcloud.com/nasa/jsc2025e064534~medium.jpg.jpg","status":"success"}
{"imgSrc":"https://images-assets.nasa.gov/image/jsc2025e064540/jsc2025e064540~medium.jpg","title":"","desc":"","cosUrl":"https://1s-1257307499.cos.ap-beijing.myqcloud.com/nasa/jsc2025e064540~medium.jpg.jpg","status":"success"}
{"imgSrc":"https://images-assets.nasa.gov/image/jsc2025e064529/jsc2025e064529~medium.jpg","title":"","desc":"","cosUrl":"https://1s-1257307499.cos.ap-beijing.myqcloud.com/nasa/jsc2025e064529~medium.jpg.jpg","status":"success"}
{"imgSrc":"https://images-assets.nasa.gov/image/jsc2025e064530/jsc2025e064530~medium.jpg","title":"","desc":"","cosUrl":"https://1s-1257307499.cos.ap-beijing.myqcloud.com/nasa/jsc2025e064530~medium.jpg.jpg","status":"success"}
{"imgSrc":"https://images-assets.nasa.gov/image/jsc2025e064524/jsc2025e064524~medium.jpg","title":"","desc":"","cosUrl":"https://1s-1257307499.cos.ap-beijing.myqcloud.com/nasa/jsc2025e064524~medium.jpg.jpg","status":"success"}
{"imgSrc":"https://images-assets.nasa.gov/image/jsc2025e064523/jsc2025e064523~medium.jpg","title":"","desc":"","cosUrl":"https://1s-1257307499.cos.ap-beijing.myqcloud.com/nasa/jsc2025e064523~medium.jpg.jpg","status":"success"}
{"imgSrc":"https://images-assets.nasa.gov/image/jsc2025e064525/jsc2025e064525~medium.jpg","title":"","desc":"","cosUrl":"https://1s-1257307499.cos.ap-beijing.myqcloud.com/nasa/jsc2025e064525~medium.jpg.jpg","status":"success"}
{"imgSrc":"https://images-assets.nasa.gov/image/jsc2025e064528/jsc2025e064528~medium.jpg","title":"","desc":"","cosUrl":"https://1s-1257307499.cos.ap-beijing.myqcloud.com/nasa/jsc2025e064528~medium.jpg.jpg","status":"success"}
{"imgSrc":"https://images-assets.nasa.gov/image/jsc2025e064527/jsc2025e064527~medium.jpg","title":"","desc":"","cosUrl":"https://1s-1257307499.cos.ap-beijing.myqcloud.com/nasa/jsc2025e064527~medium.jpg.jpg","status":"success"}
{"imgSrc":"https://images-assets.nasa.gov/image/jsc2025e064526/jsc2025e064526~medium.jpg","title":"","desc":"","cosUrl":"https://1s-1257307499.cos.ap-beijing.myqcloud.com/nasa/jsc2025e064526~medium.jpg.jpg","status":"success"}
{"imgSrc":"https://images-assets.nasa.gov/image/jsc2025e064531/jsc2025e064531~medium.jpg","title":"","desc":"","cosUrl":"https://1s-1257307499.cos.ap-beijing.myqcloud.com/nasa/jsc2025e064531~medium.jpg.jpg","status":"success"}
{"imgSrc":"https://images-assets.nasa.gov/image/iss071e522123/iss071e522123~medium.jpg","title":"","desc":"","cosUrl":"https://1s-1257307499.cos.ap-beijing.myqcloud.com/nasa/iss071e522123~medium.jpg.jpg","status":"success"}
{"imgSrc":"https://images-assets.nasa.gov/image/jsc2024e008542/jsc2024e008542~medium.jpg","title":"","desc":"","cosUrl":"https://1s-1257307499.cos.ap-beijing.myqcloud.com/nasa/jsc2024e008542~medium.jpg.jpg","status":"success"}
{"imgSrc":"https://images-assets.nasa.gov/image/iss073e0272502/iss073e0272502~medium.jpg","title":"","desc":"","cosUrl":"https://1s-1257307499.cos.ap-beijing.myqcloud.com/nasa/iss073e0272502~medium.jpg.jpg","status":"success"}
{"imgSrc":"https://images-assets.nasa.gov/image/iss073e0257845/iss073e0257845~medium.jpg","title":"","desc":"","cosUrl":"https://1s-1257307499.cos.ap-beijing.myqcloud.com/nasa/iss073e0257845~medium.jpg.jpg","status":"success"}
{"imgSrc":"https://images-assets.nasa.gov/image/iss073e0257848/iss073e0257848~medium.jpg","title":"","desc":"","cosUrl":"https://1s-1257307499.cos.ap-beijing.myqcloud.com/nasa/iss073e0257848~medium.jpg.jpg","status":"success"}
{"imgSrc":"https://images-assets.nasa.gov/image/iss073e0257842/iss073e0257842~medium.jpg","title":"","desc":"","cosUrl":"https://1s-1257307499.cos.ap-beijing.myqcloud.com/nasa/iss073e0257842~medium.jpg.jpg","status":"success"}
{"imgSrc":"https://images-assets.nasa.gov/image/iss073e0284372/iss073e0284372~medium.jpg","title":"","desc":"","cosUrl":"https://1s-1257307499.cos.ap-beijing.myqcloud.com/nasa/iss073e0284372~medium.jpg.jpg","status":"success"}
{"imgSrc":"https://images-assets.nasa.gov/image/iss073e0273067/iss073e0273067~medium.jpg","title":"","desc":"","cosUrl":"https://1s-1257307499.cos.ap-beijing.myqcloud.com/nasa/iss073e0273067~medium.jpg.jpg","status":"success"}
{"imgSrc":"https://images-assets.nasa.gov/image/iss073e0285002/iss073e0285002~medium.jpg","title":"","desc":"","cosUrl":"https://1s-1257307499.cos.ap-beijing.myqcloud.com/nasa/iss073e0285002~medium.jpg.jpg","status":"success"}
{"imgSrc":"https://images-assets.nasa.gov/image/jsc2025e060300/jsc2025e060300~medium.jpg","title":"","desc":"","cosUrl":"https://1s-1257307499.cos.ap-beijing.myqcloud.com/nasa/jsc2025e060300~medium.jpg.jpg","status":"success"}
{"imgSrc":"https://images-assets.nasa.gov/image/jsc2025e060298/jsc2025e060298~medium.jpg","title":"","desc":"","cosUrl":"https://1s-1257307499.cos.ap-beijing.myqcloud.com/nasa/jsc2025e060298~medium.jpg.jpg","status":"success"}
{"imgSrc":"https://images-assets.nasa.gov/image/jsc2025e059518/jsc2025e059518~small.jpg","title":"","desc":"","cosUrl":"https://1s-1257307499.cos.ap-beijing.myqcloud.com/nasa/jsc2025e059518~small.jpg.jpg","status":"success"}
{"imgSrc":"https://images-assets.nasa.gov/image/jsc2024e071692/jsc2024e071692~medium.jpg","title":"","desc":"","cosUrl":"https://1s-1257307499.cos.ap-beijing.myqcloud.com/nasa/jsc2024e071692~medium.jpg.jpg","status":"success"}
{"imgSrc":"https://images-assets.nasa.gov/image/iss073e0252485/iss073e0252485~medium.jpg","title":"","desc":"","cosUrl":"https://1s-1257307499.cos.ap-beijing.myqcloud.com/nasa/iss073e0252485~medium.jpg.jpg","status":"success"}
{"imgSrc":"https://images-assets.nasa.gov/image/iss073e0252954/iss073e0252954~medium.jpg","title":"","desc":"","cosUrl":"https://1s-1257307499.cos.ap-beijing.myqcloud.com/nasa/iss073e0252954~medium.jpg.jpg","status":"success"}
{"imgSrc":"https://images-assets.nasa.gov/image/iss073e0252473/iss073e0252473~medium.jpg","title":"","desc":"","cosUrl":"https://1s-1257307499.cos.ap-beijing.myqcloud.com/nasa/iss073e0252473~medium.jpg.jpg","status":"success"}
{"imgSrc":"https://images-assets.nasa.gov/image/iss073e0252429/iss073e0252429~medium.jpg","title":"","desc":"","cosUrl":"https://1s-1257307499.cos.ap-beijing.myqcloud.com/nasa/iss073e0252429~medium.jpg.jpg","status":"success"}
{"imgSrc":"https://images-assets.nasa.gov/image/iss073e0248489/iss073e0248489~medium.jpg","title":"","desc":"","cosUrl":"https://1s-1257307499.cos.ap-beijing.myqcloud.com/nasa/iss073e0248489~medium.jpg.jpg","status":"success"}
{"imgSrc":"https://images-assets.nasa.gov/image/iss073e0257680/iss073e0257680~medium.jpg","title":"","desc":"","cosUrl":"https://1s-1257307499.cos.ap-beijing.myqcloud.com/nasa/iss073e0257680~medium.jpg.jpg","status":"success"}
{"imgSrc":"https://images-assets.nasa.gov/image/iss073e0252488/iss073e0252488~medium.jpg","title":"","desc":"","cosUrl":"https://1s-1257307499.cos.ap-beijing.myqcloud.com/nasa/iss073e0252488~medium.jpg.jpg","status":"success"}
{"imgSrc":"https://images-assets.nasa.gov/image/iss073e0248474/iss073e0248474~medium.jpg","title":"","desc":"","cosUrl":"https://1s-1257307499.cos.ap-beijing.myqcloud.com/nasa/iss073e0248474~medium.jpg.jpg","status":"success"}
{"imgSrc":"https://images-assets.nasa.gov/image/DSC09386/DSC09386~medium.jpg","title":"","desc":"","cosUrl":"https://1s-1257307499.cos.ap-beijing.myqcloud.com/nasa/DSC09386~medium.jpg.jpg","status":"success"}
{"imgSrc":"https://images-assets.nasa.gov/image/jsc2025e060301/jsc2025e060301~medium.jpg","title":"","desc":"","cosUrl":"https://1s-1257307499.cos.ap-beijing.myqcloud.com/nasa/jsc2025e060301~medium.jpg.jpg","status":"success"}
{"imgSrc":"https://images-assets.nasa.gov/image/jsc2025e060299/jsc2025e060299~medium.jpg","title":"","desc":"","cosUrl":"https://1s-1257307499.cos.ap-beijing.myqcloud.com/nasa/jsc2025e060299~medium.jpg.jpg","status":"success"}
{"imgSrc":"https://images-assets.nasa.gov/image/GSFC_20190528_2019-16021_001/GSFC_20190528_2019-16021_001~medium.jpg","title":"","desc":"","cosUrl":"https://1s-1257307499.cos.ap-beijing.myqcloud.com/nasa/GSFC_20190528_2019-16021_001~medium.jpg.jpg","status":"success"}
{"imgSrc":"https://images-assets.nasa.gov/image/GSFC_20180926_2018-29149_027/GSFC_20180926_2018-29149_027~medium.jpg","title":"","desc":"","cosUrl":"https://1s-1257307499.cos.ap-beijing.myqcloud.com/nasa/GSFC_20180926_2018-29149_027~medium.jpg.jpg","status":"success"}
{"imgSrc":"https://images-assets.nasa.gov/image/GSFC_20170331_2017-11028_040/GSFC_20170331_2017-11028_040~medium.jpg","title":"","desc":"","cosUrl":"https://1s-1257307499.cos.ap-beijing.myqcloud.com/nasa/GSFC_20170331_2017-11028_040~medium.jpg.jpg","status":"success"}
{"imgSrc":"https://images-assets.nasa.gov/image/GSFC_20170331_2017-9420_050/GSFC_20170331_2017-9420_050~medium.jpg","title":"","desc":"","cosUrl":"https://1s-1257307499.cos.ap-beijing.myqcloud.com/nasa/GSFC_20170331_2017-9420_050~medium.jpg.jpg","status":"success"}
{"imgSrc":"https://images-assets.nasa.gov/image/GSFC_20160831_2016-16856_002/GSFC_20160831_2016-16856_002~medium.jpg","title":"","desc":"","cosUrl":"https://1s-1257307499.cos.ap-beijing.myqcloud.com/nasa/GSFC_20160831_2016-16856_002~medium.jpg.jpg","status":"success"}
{"imgSrc":"https://images-assets.nasa.gov/image/GSFC_20160831_2016-16856_001/GSFC_20160831_2016-16856_001~medium.jpg","title":"","desc":"","cosUrl":"https://1s-1257307499.cos.ap-beijing.myqcloud.com/nasa/GSFC_20160831_2016-16856_001~medium.jpg.jpg","status":"success"}
{"imgSrc":"https://images-assets.nasa.gov/image/GSFC_20160629_2016-15218_003/GSFC_20160629_2016-15218_003~medium.jpg","title":"","desc":"","cosUrl":"https://1s-1257307499.cos.ap-beijing.myqcloud.com/nasa/GSFC_20160629_2016-15218_003~medium.jpg.jpg","status":"success"}
{"imgSrc":"https://images-assets.nasa.gov/image/GSFC_20160831_2016-16856_003/GSFC_20160831_2016-16856_003~medium.jpg","title":"","desc":"","cosUrl":"https://1s-1257307499.cos.ap-beijing.myqcloud.com/nasa/GSFC_20160831_2016-16856_003~medium.jpg.jpg","status":"success"}
{"imgSrc":"https://images-assets.nasa.gov/image/GSFC_20160831_2016-16856_004/GSFC_20160831_2016-16856_004~medium.jpg","title":"","desc":"","cosUrl":"https://1s-1257307499.cos.ap-beijing.myqcloud.com/nasa/GSFC_20160831_2016-16856_004~medium.jpg.jpg","status":"success"}
{"imgSrc":"https://images-assets.nasa.gov/image/GSFC_20150930_2015-15958_054/GSFC_20150930_2015-15958_054~medium.jpg","title":"","desc":"","cosUrl":"https://1s-1257307499.cos.ap-beijing.myqcloud.com/nasa/GSFC_20150930_2015-15958_054~medium.jpg.jpg","status":"success"}
{"imgSrc":"https://images-assets.nasa.gov/image/G-2012-0053-017/G-2012-0053-017~medium.jpg","title":"","desc":"","cosUrl":"https://1s-1257307499.cos.ap-beijing.myqcloud.com/nasa/G-2012-0053-017~medium.jpg.jpg","status":"success"}
{"imgSrc":"https://images-assets.nasa.gov/image/G-2012-0015-046/G-2012-0015-046~medium.jpg","title":"","desc":"","cosUrl":"https://1s-1257307499.cos.ap-beijing.myqcloud.com/nasa/G-2012-0015-046~medium.jpg.jpg","status":"success"}
{"imgSrc":"https://images-assets.nasa.gov/image/G-2012-0050-082/G-2012-0050-082~medium.jpg","title":"","desc":"","cosUrl":"https://1s-1257307499.cos.ap-beijing.myqcloud.com/nasa/G-2012-0050-082~medium.jpg.jpg","status":"success"}
{"imgSrc":"https://images-assets.nasa.gov/image/GSFC-2012-5706-025/GSFC-2012-5706-025~medium.jpg","title":"","desc":"","cosUrl":"https://1s-1257307499.cos.ap-beijing.myqcloud.com/nasa/GSFC-2012-5706-025~medium.jpg.jpg","status":"success"}
{"imgSrc":"https://images-assets.nasa.gov/image/G-2012-0045-018/G-2012-0045-018~medium.jpg","title":"","desc":"","cosUrl":"https://1s-1257307499.cos.ap-beijing.myqcloud.com/nasa/G-2012-0045-018~medium.jpg.jpg","status":"success"}
{"imgSrc":"https://images-assets.nasa.gov/image/carina_nebula/carina_nebula~medium.jpg","title":"","desc":"","cosUrl":"https://1s-1257307499.cos.ap-beijing.myqcloud.com/nasa/carina_nebula~medium.jpg.jpg","status":"success"}
{"imgSrc":"https://images-assets.nasa.gov/image/behemoth-black-hole-found-in-an-unlikely-place_26209716511_o/behemoth-black-hole-found-in-an-unlikely-place_26209716511_o~medium.jpg","title":"","desc":"","cosUrl":"https://1s-1257307499.cos.ap-beijing.myqcloud.com/nasa/behemoth-black-hole-found-in-an-unlikely-place_26209716511_o~medium.jpg.jpg","status":"success"}
{"imgSrc":"https://images-assets.nasa.gov/image/PIA04921/PIA04921~medium.jpg","title":"","desc":"","cosUrl":"https://1s-1257307499.cos.ap-beijing.myqcloud.com/nasa/PIA04921~medium.jpg.jpg","status":"success"}
{"imgSrc":"https://images-assets.nasa.gov/image/PIA18033/PIA18033~medium.jpg","title":"","desc":"","cosUrl":"https://1s-1257307499.cos.ap-beijing.myqcloud.com/nasa/PIA18033~medium.jpg.jpg","status":"success"}
{"imgSrc":"https://images-assets.nasa.gov/image/GSFC_20171208_Archive_e002076/GSFC_20171208_Archive_e002076~medium.jpg","title":"","desc":"","cosUrl":"https://1s-1257307499.cos.ap-beijing.myqcloud.com/nasa/GSFC_20171208_Archive_e002076~medium.jpg.jpg","status":"success"}
{"imgSrc":"https://images-assets.nasa.gov/image/PIA08653/PIA08653~medium.jpg","title":"","desc":"","cosUrl":"https://1s-1257307499.cos.ap-beijing.myqcloud.com/nasa/PIA08653~medium.jpg.jpg","status":"success"}
{"imgSrc":"https://images-assets.nasa.gov/image/PIA26077/PIA26077~medium.jpg","title":"","desc":"","cosUrl":"https://1s-1257307499.cos.ap-beijing.myqcloud.com/nasa/PIA26077~medium.jpg.jpg","status":"success"}
{"imgSrc":"https://images-assets.nasa.gov/image/PIA00342/PIA00342~medium.jpg","title":"","desc":"","cosUrl":"https://1s-1257307499.cos.ap-beijing.myqcloud.com/nasa/PIA00342~medium.jpg.jpg","status":"success"}
{"imgSrc":"https://images-assets.nasa.gov/image/GSFC_20171208_Archive_e000282/GSFC_20171208_Archive_e000282~small.jpg","title":"","desc":"","cosUrl":"https://1s-1257307499.cos.ap-beijing.myqcloud.com/nasa/GSFC_20171208_Archive_e000282~small.jpg.jpg","status":"success"}
{"imgSrc":"https://images-assets.nasa.gov/image/GSFC_20171208_Archive_e001925/GSFC_20171208_Archive_e001925~medium.jpg","title":"","desc":"","cosUrl":"https://1s-1257307499.cos.ap-beijing.myqcloud.com/nasa/GSFC_20171208_Archive_e001925~medium.jpg.jpg","status":"success"}
{"imgSrc":"https://images-assets.nasa.gov/image/as11-40-5903/as11-40-5903~medium.jpg","title":"","desc":"","cosUrl":"https://1s-1257307499.cos.ap-beijing.myqcloud.com/nasa/as11-40-5903~medium.jpg.jpg","status":"success"}
{"imgSrc":"https://images-assets.nasa.gov/image/GSFC_20171208_Archive_e001738/GSFC_20171208_Archive_e001738~small.jpg","title":"","desc":"","cosUrl":"https://1s-1257307499.cos.ap-beijing.myqcloud.com/nasa/GSFC_20171208_Archive_e001738~small.jpg.jpg","status":"success"}
{"imgSrc":"https://images-assets.nasa.gov/image/GSFC_20171208_Archive_e000383/GSFC_20171208_Archive_e000383~medium.jpg","title":"","desc":"","cosUrl":"https://1s-1257307499.cos.ap-beijing.myqcloud.com/nasa/GSFC_20171208_Archive_e000383~medium.jpg.jpg","status":"success"}
{"imgSrc":"https://images-assets.nasa.gov/image/PIA09579/PIA09579~medium.jpg","title":"","desc":"","cosUrl":"https://1s-1257307499.cos.ap-beijing.myqcloud.com/nasa/PIA09579~medium.jpg.jpg","status":"success"}
{"imgSrc":"https://images-assets.nasa.gov/image/PIA01120/PIA01120~medium.jpg","title":"","desc":"","cosUrl":"https://1s-1257307499.cos.ap-beijing.myqcloud.com/nasa/PIA01120~medium.jpg.jpg","status":"success"}
{"imgSrc":"https://images-assets.nasa.gov/image/PIA12110/PIA12110~medium.jpg","title":"","desc":"","cosUrl":"https://1s-1257307499.cos.ap-beijing.myqcloud.com/nasa/PIA12110~medium.jpg.jpg","status":"success"}
{"imgSrc":"https://images-assets.nasa.gov/image/hubble-captures-vivid-auroras-in-jupiters-atmosphere_28000029525_o/hubble-captures-vivid-auroras-in-jupiters-atmosphere_28000029525_o~medium.jpg","title":"","desc":"","cosUrl":"https://1s-1257307499.cos.ap-beijing.myqcloud.com/nasa/hubble-captures-vivid-auroras-in-jupiters-atmosphere_28000029525_o~medium.jpg.jpg","status":"success"}
{"imgSrc":"https://images-assets.nasa.gov/image/GSFC_20171208_Archive_e001435/GSFC_20171208_Archive_e001435~medium.jpg","title":"","desc":"","cosUrl":"https://1s-1257307499.cos.ap-beijing.myqcloud.com/nasa/GSFC_20171208_Archive_e001435~medium.jpg.jpg","status":"success"}
{"imgSrc":"https://images-assets.nasa.gov/image/iss064e041512/iss064e041512~medium.jpg","title":"","desc":"","cosUrl":"https://1s-1257307499.cos.ap-beijing.myqcloud.com/nasa/iss064e041512~medium.jpg.jpg","status":"success"}
{"imgSrc":"https://images-assets.nasa.gov/image/GSFC_20171208_Archive_e000842/GSFC_20171208_Archive_e000842~medium.jpg","title":"","desc":"","cosUrl":"https://1s-1257307499.cos.ap-beijing.myqcloud.com/nasa/GSFC_20171208_Archive_e000842~medium.jpg.jpg","status":"success"}
{"imgSrc":"https://images-assets.nasa.gov/image/ArtemisIICrewPoster/ArtemisIICrewPoster~medium.jpg","title":"","desc":"","cosUrl":"https://1s-1257307499.cos.ap-beijing.myqcloud.com/nasa/ArtemisIICrewPoster~medium.jpg.jpg","status":"success"}
{"imgSrc":"https://images-assets.nasa.gov/image/as11-44-6551/as11-44-6551~medium.jpg","title":"","desc":"","cosUrl":"https://1s-1257307499.cos.ap-beijing.myqcloud.com/nasa/as11-44-6551~medium.jpg.jpg","status":"success"}
{"imgSrc":"https://images-assets.nasa.gov/image/PIA04591/PIA04591~thumb.jpg","title":"","desc":"","cosUrl":"https://1s-1257307499.cos.ap-beijing.myqcloud.com/nasa/PIA04591~thumb.jpg.jpg","status":"success"}
{"imgSrc":"https://images-assets.nasa.gov/image/PIA13005/PIA13005~medium.jpg","title":"","desc":"","cosUrl":"https://1s-1257307499.cos.ap-beijing.myqcloud.com/nasa/PIA13005~medium.jpg.jpg","status":"success"}
{"imgSrc":"https://images-assets.nasa.gov/image/ArtemisII_Poster_11x17_300ppi_CMYK/ArtemisII_Poster_11x17_300ppi_CMYK~medium.jpg","title":"","desc":"","cosUrl":"https://1s-1257307499.cos.ap-beijing.myqcloud.com/nasa/ArtemisII_Poster_11x17_300ppi_CMYK~medium.jpg.jpg","status":"success"}
{"imgSrc":"https://images-assets.nasa.gov/image/PIA16008/PIA16008~medium.jpg","title":"","desc":"","cosUrl":"https://1s-1257307499.cos.ap-beijing.myqcloud.com/nasa/PIA16008~medium.jpg.jpg","status":"success"}
{"imgSrc":"https://images-assets.nasa.gov/image/iss070e034731/iss070e034731~medium.jpg","title":"","desc":"","cosUrl":"https://1s-1257307499.cos.ap-beijing.myqcloud.com/nasa/iss070e034731~medium.jpg.jpg","status":"success"}
{"imgSrc":"https://images-assets.nasa.gov/image/a-sky-view-of-earth-from-suomi-npp_16611703184_o/a-sky-view-of-earth-from-suomi-npp_16611703184_o~medium.jpg","title":"","desc":"","cosUrl":"https://1s-1257307499.cos.ap-beijing.myqcloud.com/nasa/a-sky-view-of-earth-from-suomi-npp_16611703184_o~medium.jpg.jpg","status":"success"}
{"imgSrc":"https://images-assets.nasa.gov/image/PIA26234/PIA26234~medium.jpg","title":"","desc":"","cosUrl":"https://1s-1257307499.cos.ap-beijing.myqcloud.com/nasa/PIA26234~medium.jpg.jpg","status":"success"}
{"imgSrc":"https://images-assets.nasa.gov/image/as11-40-5874/as11-40-5874~medium.jpg","title":"","desc":"","cosUrl":"https://1s-1257307499.cos.ap-beijing.myqcloud.com/nasa/as11-40-5874~medium.jpg.jpg","status":"success"}
{"imgSrc":"https://images-assets.nasa.gov/image/hubble-observes-one-of-a-kind-star-nicknamed-nasty_17754652960_o/hubble-observes-one-of-a-kind-star-nicknamed-nasty_17754652960_o~medium.jpg","title":"","desc":"","cosUrl":"https://1s-1257307499.cos.ap-beijing.myqcloud.com/nasa/hubble-observes-one-of-a-kind-star-nicknamed-nasty_17754652960_o~medium.jpg.jpg","status":"success"}
{"imgSrc":"https://images-assets.nasa.gov/image/GSFC_20171208_Archive_e001518/GSFC_20171208_Archive_e001518~medium.jpg","title":"","desc":"","cosUrl":"https://1s-1257307499.cos.ap-beijing.myqcloud.com/nasa/GSFC_20171208_Archive_e001518~medium.jpg.jpg","status":"success"}
{"imgSrc":"https://images-assets.nasa.gov/image/GSFC_20171208_Archive_e001894/GSFC_20171208_Archive_e001894~medium.jpg","title":"","desc":"","cosUrl":"https://1s-1257307499.cos.ap-beijing.myqcloud.com/nasa/GSFC_20171208_Archive_e001894~medium.jpg.jpg","status":"success"}
{"imgSrc":"https://images-assets.nasa.gov/image/PIA21073/PIA21073~medium.jpg","title":"","desc":"","cosUrl":"https://1s-1257307499.cos.ap-beijing.myqcloud.com/nasa/PIA21073~medium.jpg.jpg","status":"success"}
{"imgSrc":"https://images-assets.nasa.gov/image/GSFC_20171208_Archive_e002159/GSFC_20171208_Archive_e002159~medium.jpg","title":"","desc":"","cosUrl":"https://1s-1257307499.cos.ap-beijing.myqcloud.com/nasa/GSFC_20171208_Archive_e002159~medium.jpg.jpg","status":"success"}
{"imgSrc":"https://images-assets.nasa.gov/image/PIA00122/PIA00122~small.jpg","title":"","desc":"","cosUrl":"https://1s-1257307499.cos.ap-beijing.myqcloud.com/nasa/PIA00122~small.jpg.jpg","status":"success"}
{"imgSrc":"https://images-assets.nasa.gov/image/PIA25163/PIA25163~medium.jpg","title":"","desc":"","cosUrl":"https://1s-1257307499.cos.ap-beijing.myqcloud.com/nasa/PIA25163~medium.jpg.jpg","status":"success"}
{"imgSrc":"https://images-assets.nasa.gov/image/GSFC_20171208_Archive_e001982/GSFC_20171208_Archive_e001982~small.jpg","title":"","desc":"","cosUrl":"https://1s-1257307499.cos.ap-beijing.myqcloud.com/nasa/GSFC_20171208_Archive_e001982~small.jpg.jpg","status":"success"}
{"imgSrc":"https://images-assets.nasa.gov/image/PIA00271/PIA00271~medium.jpg","title":"","desc":"","cosUrl":"https://1s-1257307499.cos.ap-beijing.myqcloud.com/nasa/PIA00271~medium.jpg.jpg","status":"success"}
{"imgSrc":"https://images-assets.nasa.gov/image/PIA00404/PIA00404~medium.jpg","title":"","desc":"","cosUrl":"https://1s-1257307499.cos.ap-beijing.myqcloud.com/nasa/PIA00404~medium.jpg.jpg","status":"success"}
{"imgSrc":"https://images-assets.nasa.gov/image/S84-27031/S84-27031~medium.jpg","title":"","desc":"","cosUrl":"https://1s-1257307499.cos.ap-beijing.myqcloud.com/nasa/S84-27031~medium.jpg.jpg","status":"success"}
{"imgSrc":"https://images-assets.nasa.gov/image/PIA18182/PIA18182~medium.jpg","title":"","desc":"","cosUrl":"https://1s-1257307499.cos.ap-beijing.myqcloud.com/nasa/PIA18182~medium.jpg.jpg","status":"success"}
{"imgSrc":"https://images-assets.nasa.gov/image/PIA14417/PIA14417~medium.jpg","title":"","desc":"","cosUrl":"https://1s-1257307499.cos.ap-beijing.myqcloud.com/nasa/PIA14417~medium.jpg.jpg","status":"success"}
{"imgSrc":"https://images-assets.nasa.gov/image/PIA00405/PIA00405~medium.jpg","title":"","desc":"","cosUrl":"https://1s-1257307499.cos.ap-beijing.myqcloud.com/nasa/PIA00405~medium.jpg.jpg","status":"success"}
{"imgSrc":"https://images-assets.nasa.gov/image/as17-148-22727/as17-148-22727~medium.jpg","title":"","desc":"","cosUrl":"https://1s-1257307499.cos.ap-beijing.myqcloud.com/nasa/as17-148-22727~medium.jpg.jpg","status":"success"}
{"imgSrc":"https://images-assets.nasa.gov/image/PIA21390/PIA21390~small.jpg","title":"","desc":"","cosUrl":"https://1s-1257307499.cos.ap-beijing.myqcloud.com/nasa/PIA21390~small.jpg.jpg","status":"success"}
{"imgSrc":"https://images-assets.nasa.gov/image/GRC-2024-C-02645/GRC-2024-C-02645~medium.jpg","title":"","desc":"","cosUrl":"https://1s-1257307499.cos.ap-beijing.myqcloud.com/nasa/GRC-2024-C-02645~medium.jpg.jpg","status":"success"}
{"imgSrc":"https://images-assets.nasa.gov/image/iss070e052303/iss070e052303~orig.jpg","title":"","desc":"","cosUrl":"https://1s-1257307499.cos.ap-beijing.myqcloud.com/nasa/iss070e052303~orig.jpg.jpg","status":"success"}
{"imgSrc":"https://images-assets.nasa.gov/image/PIA04217/PIA04217~small.jpg","title":"","desc":"","cosUrl":"https://1s-1257307499.cos.ap-beijing.myqcloud.com/nasa/PIA04217~small.jpg.jpg","status":"success"}
{"imgSrc":"https://images-assets.nasa.gov/image/S84-27562/S84-27562~medium.jpg","title":"","desc":"","cosUrl":"https://1s-1257307499.cos.ap-beijing.myqcloud.com/nasa/S84-27562~medium.jpg.jpg","status":"success"}
{"imgSrc":"https://images-assets.nasa.gov/image/PIA02210/PIA02210~small.jpg","title":"","desc":"","cosUrl":"https://1s-1257307499.cos.ap-beijing.myqcloud.com/nasa/PIA02210~small.jpg.jpg","status":"success"}
{"imgSrc":"https://images-assets.nasa.gov/image/PIA07906/PIA07906~medium.jpg","title":"","desc":"","cosUrl":"https://1s-1257307499.cos.ap-beijing.myqcloud.com/nasa/PIA07906~medium.jpg.jpg","status":"success"}
{"imgSrc":"https://images-assets.nasa.gov/image/PIA00123/PIA00123~small.jpg","title":"","desc":"","cosUrl":"https://1s-1257307499.cos.ap-beijing.myqcloud.com/nasa/PIA00123~small.jpg.jpg","status":"success"}
{"imgSrc":"https://images-assets.nasa.gov/image/PIA17669/PIA17669~small.jpg","title":"","desc":"","cosUrl":"https://1s-1257307499.cos.ap-beijing.myqcloud.com/nasa/PIA17669~small.jpg.jpg","status":"success"}
{"imgSrc":"https://images-assets.nasa.gov/image/GSFC_20171208_Archive_e001861/GSFC_20171208_Archive_e001861~medium.jpg","title":"","desc":"","cosUrl":"https://1s-1257307499.cos.ap-beijing.myqcloud.com/nasa/GSFC_20171208_Archive_e001861~medium.jpg.jpg","status":"success"}
{"imgSrc":"https://images-assets.nasa.gov/image/iss070e044474/iss070e044474~medium.jpg","title":"","desc":"","cosUrl":"https://1s-1257307499.cos.ap-beijing.myqcloud.com/nasa/iss070e044474~medium.jpg.jpg","status":"success"}
{"imgSrc":"https://images-assets.nasa.gov/image/iss070e064005/iss070e064005~medium.jpg","title":"","desc":"","cosUrl":"https://1s-1257307499.cos.ap-beijing.myqcloud.com/nasa/iss070e064005~medium.jpg.jpg","status":"success"}
{"imgSrc":"https://images-assets.nasa.gov/image/as11-40-5875/as11-40-5875~medium.jpg","title":"","desc":"","cosUrl":"https://1s-1257307499.cos.ap-beijing.myqcloud.com/nasa/as11-40-5875~medium.jpg.jpg","status":"success"}
{"imgSrc":"https://images-assets.nasa.gov/image/GSFC_20171208_Archive_e001175/GSFC_20171208_Archive_e001175~small.jpg","title":"","desc":"","cosUrl":"https://1s-1257307499.cos.ap-beijing.myqcloud.com/nasa/GSFC_20171208_Archive_e001175~small.jpg.jpg","status":"success"}
{"imgSrc":"https://images-assets.nasa.gov/image/PIA24291/PIA24291~medium.jpg","title":"","desc":"","cosUrl":"https://1s-1257307499.cos.ap-beijing.myqcloud.com/nasa/PIA24291~medium.jpg.jpg","status":"success"}
{"imgSrc":"https://images-assets.nasa.gov/image/iss070e076676/iss070e076676~medium.jpg","title":"","desc":"","cosUrl":"https://1s-1257307499.cos.ap-beijing.myqcloud.com/nasa/iss070e076676~medium.jpg.jpg","status":"success"}
{"imgSrc":"https://images-assets.nasa.gov/image/iss070e035893/iss070e035893~medium.jpg","title":"","desc":"","cosUrl":"https://1s-1257307499.cos.ap-beijing.myqcloud.com/nasa/iss070e035893~medium.jpg.jpg","status":"success"}
{"imgSrc":"https://images-assets.nasa.gov/image/NHQ201708210100/NHQ201708210100~medium.jpg","title":"","desc":"","cosUrl":"https://1s-1257307499.cos.ap-beijing.myqcloud.com/nasa/NHQ201708210100~medium.jpg.jpg","status":"success"}
{"imgSrc":"https://images-assets.nasa.gov/image/iss070e034016/iss070e034016~medium.jpg","title":"","desc":"","cosUrl":"https://1s-1257307499.cos.ap-beijing.myqcloud.com/nasa/iss070e034016~medium.jpg.jpg","status":"success"}
{"imgSrc":"https://images-assets.nasa.gov/image/Gateway%20-%20Orion%20-%20Artemis%20VI/Gateway%20-%20Orion%20-%20Artemis%20VI~medium.jpg","title":"","desc":"","cosUrl":"https://1s-1257307499.cos.ap-beijing.myqcloud.com/nasa/Gateway%2520-%2520Orion%2520-%2520Artemis%2520VI~medium.jpg.jpg","status":"success"}
{"imgSrc":"https://images-assets.nasa.gov/image/jsc2025e034457/jsc2025e034457~medium.jpg","title":"","desc":"","cosUrl":"https://1s-1257307499.cos.ap-beijing.myqcloud.com/nasa/jsc2025e034457~medium.jpg.jpg","status":"success"}
{"imgSrc":"https://images-assets.nasa.gov/image/PIA11800/PIA11800~medium.jpg","title":"","desc":"","cosUrl":"https://1s-1257307499.cos.ap-beijing.myqcloud.com/nasa/PIA11800~medium.jpg.jpg","status":"success"}
{"imgSrc":"https://images-assets.nasa.gov/image/iss070e062746/iss070e062746~medium.jpg","title":"","desc":"","cosUrl":"https://1s-1257307499.cos.ap-beijing.myqcloud.com/nasa/iss070e062746~medium.jpg.jpg","status":"success"}
{"imgSrc":"https://images-assets.nasa.gov/image/iss070e035253/iss070e035253~medium.jpg","title":"","desc":"","cosUrl":"https://1s-1257307499.cos.ap-beijing.myqcloud.com/nasa/iss070e035253~medium.jpg.jpg","status":"success"}
