2025-07-31T23:33:23: 🚀 恒优信调度器启动...
2025-07-31T23:33:23: 📅 调度器已启动
2025-07-31T23:33:23: ⏰ 下次执行时间: 2025/8/1 02:00:00
2025-07-31T23:33:23: ✅ 定时任务已注册，等待执行...
2025-07-31T23:33:54: 
🛑 调度器正在停止...
2025-08-01T06:28:14: 🚀 恒优信调度器启动...
2025-08-01T06:28:14: 📅 调度器已启动
2025-08-01T06:28:14: ⏰ 下次执行时间: 8/2/2025, 2:00:00 AM
2025-08-01T06:28:14: ✅ 定时任务已注册，等待执行...
2025-08-02T02:00:00: 📅 [8/2/2025, 2:00:00 AM] 开始执行爬取任务...
2025-08-02T02:00:01: ✅ [8/2/2025, 2:00:01 AM] 爬取任务完成
2025-08-02T02:19:21: 
🛑 调度器正在停止...
2025-08-02T02:19:22: 🚀 恒优信调度器启动...
2025-08-02T02:19:22: 📅 调度器已启动
2025-08-02T02:19:22: ⏰ 下次执行时间: 8/3/2025, 2:00:00 AM
2025-08-02T02:19:22: ✅ 定时任务已注册，等待执行...
2025-08-03T02:00:00: 📅 [8/3/2025, 2:00:00 AM] 开始执行爬取任务...
2025-08-03T02:34:34: ✅ [8/3/2025, 2:34:34 AM] 爬取任务完成
2025-08-04T02:00:00: 📅 [8/4/2025, 2:00:00 AM] 开始执行爬取任务...
2025-08-04T02:20:34: ✅ [8/4/2025, 2:20:34 AM] 爬取任务完成
2025-08-05T02:00:00: 📅 [8/5/2025, 2:00:00 AM] 开始执行爬取任务...
2025-08-05T02:05:47: ✅ [8/5/2025, 2:05:47 AM] 爬取任务完成
2025-08-06T02:00:00: 📅 [8/6/2025, 2:00:00 AM] 开始执行爬取任务...
2025-08-06T02:19:46: ✅ [8/6/2025, 2:19:46 AM] 爬取任务完成
2025-08-07T02:00:00: 📅 [8/7/2025, 2:00:00 AM] 开始执行爬取任务...
2025-08-07T02:05:20: ✅ [8/7/2025, 2:05:20 AM] 爬取任务完成
